{"/home/webreflection/code/hyperHTML/hyperhtml.js":{"path":"/home/webreflection/code/hyperHTML/hyperhtml.js","s":{"1":2,"2":1,"3":108,"4":2,"5":2,"6":4,"7":2,"8":30,"9":1,"10":48,"11":18,"12":18,"13":16,"14":8,"15":16,"16":1,"17":98,"18":136,"19":136,"20":48,"21":48,"22":48,"23":30,"24":28,"25":12,"26":2,"27":10,"28":10,"29":16,"30":8,"31":8,"32":4,"33":4,"34":4,"35":4,"36":30,"37":58,"38":4,"39":58,"40":1,"41":12,"42":56,"43":56,"44":10,"45":10,"46":6,"47":6,"48":0,"49":0,"50":40,"51":24,"52":24,"53":6,"54":18,"55":16,"56":18,"57":6,"58":12,"59":0,"60":0,"61":0,"62":0,"63":0,"64":12,"65":12,"66":10,"67":16,"68":40,"69":1,"70":16,"71":16,"72":10,"73":16,"74":18,"75":10,"76":10,"77":8,"78":2,"79":12,"80":8,"81":1,"82":8,"83":8,"84":22,"85":22,"86":8,"87":8,"88":8,"89":8,"90":8,"91":0,"92":0,"93":14,"94":8,"95":8,"96":2,"97":2,"98":6,"99":6,"100":2,"101":4,"102":0,"103":0,"104":0,"105":0,"106":0,"107":0,"108":0,"109":0,"110":0,"111":0,"112":0,"113":0,"114":0,"115":4,"116":4,"117":2,"118":2,"119":2,"120":2,"121":2,"122":6,"123":6,"124":6,"125":14,"126":1,"127":12,"128":12,"129":22,"130":16,"131":1,"132":20,"133":20,"134":8,"135":8,"136":1,"137":14,"138":14,"139":4,"140":4,"141":6,"142":6,"143":6,"144":6,"145":6,"146":4,"147":4,"148":4,"149":14,"150":14,"151":16,"152":16,"153":14,"154":26,"155":4,"156":4,"157":4,"158":6,"159":6,"160":4,"161":2,"162":2,"163":6,"164":16,"165":16,"166":14,"167":1,"168":98,"169":1,"170":42,"171":1,"172":22,"173":22,"174":20,"175":12,"176":8,"177":14,"178":1,"179":44,"180":44,"181":44,"182":1,"183":44,"184":1,"185":24,"186":24,"187":1,"188":16,"189":6,"190":6,"191":4,"192":2,"193":2,"194":4,"195":4,"196":6,"197":4,"198":6,"199":2,"200":2,"201":1,"202":47,"203":47,"204":25,"205":25,"206":1,"207":16,"208":16,"209":1,"210":22,"211":30,"212":30,"213":22,"214":22,"215":22,"216":32,"217":4,"218":1,"219":10,"220":10,"221":2,"222":2,"223":2,"224":8,"225":8,"226":1,"227":20,"228":1,"229":22,"230":22,"231":22,"232":1,"233":36,"234":22,"235":22,"236":2,"237":22,"238":36,"239":20,"240":0,"241":0,"242":0,"243":0,"244":0,"245":0,"246":0,"247":0,"248":0,"249":0,"250":0,"251":0,"252":0,"253":0,"254":0,"255":0,"256":36,"257":22,"258":22,"259":22,"260":36,"261":36,"262":1,"263":16,"264":1,"265":16,"266":16,"267":1,"268":2,"269":2,"270":2,"271":2,"272":2,"273":2,"274":14,"275":14,"276":14,"277":2,"278":2,"279":4,"280":4,"281":6,"282":2,"283":4,"284":4,"285":4,"286":6,"287":2,"288":2,"289":2,"290":2,"291":2,"292":2,"293":1,"294":112,"295":116,"296":112,"297":1,"298":50,"299":50,"300":25,"301":25,"302":25,"303":25,"304":14,"305":11,"306":50,"307":50,"308":50,"309":2,"310":2,"311":2,"312":36,"313":22,"314":34,"315":8,"316":8,"317":12,"318":8,"319":2,"320":2,"321":2,"322":2},"b":{"1":[60,48],"2":[108,76],"3":[2,2],"4":[4,2],"5":[10,20],"6":[4,16],"7":[4,2],"8":[16,8],"9":[16,2],"10":[8,8],"11":[4,12],"12":[48,30,58],"13":[28,2],"14":[12,16],"15":[2,10],"16":[8,8],"17":[16,14,8,6],"18":[2,6],"19":[4,4],"20":[4,54],"21":[58,4],"22":[2,2],"23":[10,4,6,0,40],"24":[24,16],"25":[6,18],"26":[16,2],"27":[6,12],"28":[0,12],"29":[10,2],"30":[16,12],"31":[10,6],"32":[10,6],"33":[10,8],"34":[8,2],"35":[2,6],"36":[8,4],"37":[8,8,8,0,14],"38":[8,6],"39":[2,6],"40":[2,4],"41":[0,4],"42":[0,0],"43":[0,0],"44":[0,0],"45":[2,2],"46":[2,4],"47":[16,6],"48":[8,12],"49":[20,12,8],"50":[4,6,2,4],"51":[4,6,16],"52":[4,2],"53":[4,2],"54":[98,22],"55":[12,8],"56":[20,16],"57":[6,8],"58":[44,29,15],"59":[1,43],"60":[1,43],"61":[44,15],"62":[6,6,2],"63":[4,2],"64":[2,2],"65":[4,2],"66":[22,8],"67":[30,16],"68":[20,2],"69":[2,18],"70":[2,8],"71":[2,20],"72":[22,14],"73":[2,20],"74":[0,20],"75":[0,0],"76":[0,0],"77":[0,0],"78":[0,0],"79":[22,14],"80":[16,6],"81":[16,4],"82":[8,8],"83":[8,8],"84":[2,0],"85":[2,0],"86":[2,4,6,2],"87":[2,4],"88":[25,25],"89":[14,11],"90":[2,48],"91":[1,1],"92":[2,1],"93":[2,1],"94":[2,1],"95":[1,1]},"f":{"1":2,"2":108,"3":2,"4":4,"5":30,"6":48,"7":98,"8":12,"9":56,"10":16,"11":18,"12":12,"13":8,"14":22,"15":12,"16":22,"17":20,"18":14,"19":98,"20":42,"21":22,"22":44,"23":24,"24":16,"25":47,"26":16,"27":22,"28":32,"29":4,"30":10,"31":20,"32":22,"33":36,"34":0,"35":0,"36":36,"37":16,"38":16,"39":2,"40":112,"41":50,"42":2,"43":36,"44":22,"45":8,"46":12,"47":8,"48":2},"fnMap":{"1":{"name":"(anonymous_1)","line":1,"loc":{"start":{"line":1,"column":17},"end":{"line":1,"column":29}}},"2":{"name":"hyperHTML","line":14,"loc":{"start":{"line":14,"column":2},"end":{"line":14,"column":30}}},"3":{"name":"adopt","line":32,"loc":{"start":{"line":32,"column":20},"end":{"line":32,"column":41}}},"4":{"name":"(anonymous_4)","line":33,"loc":{"start":{"line":33,"column":11},"end":{"line":33,"column":30}}},"5":{"name":"wire","line":54,"loc":{"start":{"line":54,"column":19},"end":{"line":54,"column":44}}},"6":{"name":"attributesSeeker","line":75,"loc":{"start":{"line":75,"column":2},"end":{"line":75,"column":43}}},"7":{"name":"lukeTreeWalker","line":105,"loc":{"start":{"line":105,"column":2},"end":{"line":105,"column":41}}},"8":{"name":"setAnyContent","line":166,"loc":{"start":{"line":166,"column":2},"end":{"line":166,"column":31}}},"9":{"name":"any","line":167,"loc":{"start":{"line":167,"column":11},"end":{"line":167,"column":31}}},"10":{"name":"setAttribute","line":217,"loc":{"start":{"line":217,"column":2},"end":{"line":217,"column":41}}},"11":{"name":"specialAttr","line":226,"loc":{"start":{"line":226,"column":6},"end":{"line":226,"column":37}}},"12":{"name":"attr","line":238,"loc":{"start":{"line":238,"column":6},"end":{"line":238,"column":30}}},"13":{"name":"setVirtualContent","line":258,"loc":{"start":{"line":258,"column":2},"end":{"line":258,"column":47}}},"14":{"name":"any","line":263,"loc":{"start":{"line":263,"column":11},"end":{"line":263,"column":31}}},"15":{"name":"setTextContent","line":334,"loc":{"start":{"line":334,"column":2},"end":{"line":334,"column":32}}},"16":{"name":"text","line":336,"loc":{"start":{"line":336,"column":11},"end":{"line":336,"column":35}}},"17":{"name":"cleanAround","line":350,"loc":{"start":{"line":350,"column":2},"end":{"line":350,"column":54}}},"18":{"name":"find","line":363,"loc":{"start":{"line":363,"column":2},"end":{"line":363,"column":31}}},"19":{"name":"doc","line":409,"loc":{"start":{"line":409,"column":2},"end":{"line":409,"column":21}}},"20":{"name":"frag","line":414,"loc":{"start":{"line":414,"column":2},"end":{"line":414,"column":22}}},"21":{"name":"indexOfDiffereces","line":420,"loc":{"start":{"line":420,"column":2},"end":{"line":420,"column":35}}},"22":{"name":"injectHTML","line":440,"loc":{"start":{"line":440,"column":2},"end":{"line":440,"column":38}}},"23":{"name":"mapAttributes","line":462,"loc":{"start":{"line":462,"column":2},"end":{"line":462,"column":37}}},"24":{"name":"populateNode","line":472,"loc":{"start":{"line":472,"column":2},"end":{"line":472,"column":39}}},"25":{"name":"removeNodeList","line":496,"loc":{"start":{"line":496,"column":2},"end":{"line":496,"column":44}}},"26":{"name":"resetAndPopulate","line":505,"loc":{"start":{"line":505,"column":2},"end":{"line":505,"column":43}}},"27":{"name":"setupAndGetContent","line":515,"loc":{"start":{"line":515,"column":2},"end":{"line":515,"column":36}}},"28":{"name":"(anonymous_28)","line":535,"loc":{"start":{"line":535,"column":6},"end":{"line":535,"column":18}}},"29":{"name":"(anonymous_29)","line":536,"loc":{"start":{"line":536,"column":6},"end":{"line":536,"column":18}}},"30":{"name":"updateViaArray","line":540,"loc":{"start":{"line":540,"column":2},"end":{"line":540,"column":47}}},"31":{"name":"wireContent","line":553,"loc":{"start":{"line":553,"column":2},"end":{"line":553,"column":29}}},"32":{"name":"before","line":556,"loc":{"start":{"line":556,"column":4},"end":{"line":556,"column":25}}},"33":{"name":"after","line":564,"loc":{"start":{"line":564,"column":4},"end":{"line":564,"column":21}}},"34":{"name":"adopt","line":576,"loc":{"start":{"line":576,"column":6},"end":{"line":576,"column":30}}},"35":{"name":"(anonymous_35)","line":581,"loc":{"start":{"line":581,"column":20},"end":{"line":581,"column":55}}},"36":{"name":"update","line":602,"loc":{"start":{"line":602,"column":6},"end":{"line":602,"column":31}}},"37":{"name":"wireByID","line":614,"loc":{"start":{"line":614,"column":2},"end":{"line":614,"column":37}}},"38":{"name":"wireWeakly","line":619,"loc":{"start":{"line":619,"column":2},"end":{"line":619,"column":33}}},"39":{"name":"remap","line":636,"loc":{"start":{"line":636,"column":2},"end":{"line":636,"column":26}}},"40":{"name":"update","line":681,"loc":{"start":{"line":681,"column":2},"end":{"line":681,"column":20}}},"41":{"name":"upgrade","line":696,"loc":{"start":{"line":696,"column":2},"end":{"line":696,"column":28}}},"42":{"name":"(anonymous_42)","line":736,"loc":{"start":{"line":736,"column":10},"end":{"line":736,"column":23}}},"43":{"name":"(anonymous_43)","line":745,"loc":{"start":{"line":745,"column":6},"end":{"line":745,"column":34}}},"44":{"name":"appendNodes","line":748,"loc":{"start":{"line":748,"column":6},"end":{"line":748,"column":45}}},"45":{"name":"(anonymous_45)","line":758,"loc":{"start":{"line":758,"column":21},"end":{"line":758,"column":43}}},"46":{"name":"(anonymous_46)","line":763,"loc":{"start":{"line":763,"column":27},"end":{"line":763,"column":39}}},"47":{"name":"(anonymous_47)","line":772,"loc":{"start":{"line":772,"column":13},"end":{"line":772,"column":28}}},"48":{"name":"(anonymous_48)","line":773,"loc":{"start":{"line":773,"column":13},"end":{"line":773,"column":35}}}},"statementMap":{"1":{"start":{"line":1,"column":0},"end":{"line":797,"column":5}},"2":{"start":{"line":14,"column":2},"end":{"line":19,"column":3}},"3":{"start":{"line":15,"column":4},"end":{"line":18,"column":45}},"4":{"start":{"line":32,"column":2},"end":{"line":39,"column":4}},"5":{"start":{"line":33,"column":4},"end":{"line":38,"column":6}},"6":{"start":{"line":34,"column":6},"end":{"line":37,"column":43}},"7":{"start":{"line":54,"column":2},"end":{"line":61,"column":4}},"8":{"start":{"line":55,"column":4},"end":{"line":60,"column":8}},"9":{"start":{"line":75,"column":2},"end":{"line":96,"column":3}},"10":{"start":{"line":76,"column":4},"end":{"line":95,"column":5}},"11":{"start":{"line":86,"column":6},"end":{"line":86,"column":32}},"12":{"start":{"line":87,"column":6},"end":{"line":94,"column":7}},"13":{"start":{"line":90,"column":8},"end":{"line":90,"column":72}},"14":{"start":{"line":90,"column":16},"end":{"line":90,"column":72}},"15":{"start":{"line":91,"column":8},"end":{"line":93,"column":41}},"16":{"start":{"line":105,"column":2},"end":{"line":153,"column":3}},"17":{"start":{"line":106,"column":4},"end":{"line":152,"column":5}},"18":{"start":{"line":112,"column":6},"end":{"line":112,"column":28}},"19":{"start":{"line":113,"column":6},"end":{"line":151,"column":7}},"20":{"start":{"line":115,"column":10},"end":{"line":115,"column":43}},"21":{"start":{"line":116,"column":10},"end":{"line":116,"column":41}},"22":{"start":{"line":117,"column":10},"end":{"line":117,"column":16}},"23":{"start":{"line":119,"column":10},"end":{"line":142,"column":11}},"24":{"start":{"line":120,"column":12},"end":{"line":141,"column":13}},"25":{"start":{"line":121,"column":14},"end":{"line":126,"column":15}},"26":{"start":{"line":122,"column":16},"end":{"line":122,"column":48}},"27":{"start":{"line":124,"column":16},"end":{"line":124,"column":50}},"28":{"start":{"line":125,"column":16},"end":{"line":125,"column":40}},"29":{"start":{"line":127,"column":19},"end":{"line":141,"column":13}},"30":{"start":{"line":131,"column":14},"end":{"line":132,"column":69}},"31":{"start":{"line":134,"column":14},"end":{"line":140,"column":15}},"32":{"start":{"line":135,"column":16},"end":{"line":135,"column":50}},"33":{"start":{"line":137,"column":16},"end":{"line":137,"column":52}},"34":{"start":{"line":138,"column":16},"end":{"line":138,"column":51}},"35":{"start":{"line":139,"column":16},"end":{"line":139,"column":47}},"36":{"start":{"line":143,"column":10},"end":{"line":143,"column":16}},"37":{"start":{"line":147,"column":10},"end":{"line":149,"column":11}},"38":{"start":{"line":148,"column":12},"end":{"line":148,"column":80}},"39":{"start":{"line":150,"column":10},"end":{"line":150,"column":16}},"40":{"start":{"line":166,"column":2},"end":{"line":209,"column":3}},"41":{"start":{"line":167,"column":4},"end":{"line":208,"column":6}},"42":{"start":{"line":168,"column":6},"end":{"line":168,"column":51}},"43":{"start":{"line":169,"column":6},"end":{"line":207,"column":7}},"44":{"start":{"line":171,"column":10},"end":{"line":171,"column":33}},"45":{"start":{"line":172,"column":10},"end":{"line":172,"column":16}},"46":{"start":{"line":175,"column":10},"end":{"line":175,"column":35}},"47":{"start":{"line":176,"column":10},"end":{"line":176,"column":16}},"48":{"start":{"line":178,"column":10},"end":{"line":178,"column":45}},"49":{"start":{"line":179,"column":10},"end":{"line":179,"column":16}},"50":{"start":{"line":181,"column":10},"end":{"line":205,"column":11}},"51":{"start":{"line":182,"column":12},"end":{"line":182,"column":34}},"52":{"start":{"line":183,"column":12},"end":{"line":202,"column":13}},"53":{"start":{"line":184,"column":14},"end":{"line":184,"column":28}},"54":{"start":{"line":186,"column":14},"end":{"line":186,"column":53}},"55":{"start":{"line":186,"column":30},"end":{"line":186,"column":53}},"56":{"start":{"line":187,"column":14},"end":{"line":201,"column":15}},"57":{"start":{"line":188,"column":16},"end":{"line":188,"column":36}},"58":{"start":{"line":189,"column":21},"end":{"line":201,"column":15}},"59":{"start":{"line":190,"column":16},"end":{"line":190,"column":53}},"60":{"start":{"line":191,"column":16},"end":{"line":193,"column":17}},"61":{"start":{"line":192,"column":18},"end":{"line":192,"column":57}},"62":{"start":{"line":194,"column":16},"end":{"line":194,"column":44}},"63":{"start":{"line":195,"column":16},"end":{"line":195,"column":51}},"64":{"start":{"line":197,"column":16},"end":{"line":197,"column":62}},"65":{"start":{"line":198,"column":16},"end":{"line":200,"column":17}},"66":{"start":{"line":199,"column":18},"end":{"line":199,"column":49}},"67":{"start":{"line":204,"column":12},"end":{"line":204,"column":38}},"68":{"start":{"line":206,"column":10},"end":{"line":206,"column":16}},"69":{"start":{"line":217,"column":2},"end":{"line":243,"column":3}},"70":{"start":{"line":218,"column":4},"end":{"line":223,"column":5}},"71":{"start":{"line":224,"column":4},"end":{"line":224,"column":46}},"72":{"start":{"line":224,"column":19},"end":{"line":224,"column":46}},"73":{"start":{"line":225,"column":4},"end":{"line":242,"column":8}},"74":{"start":{"line":227,"column":8},"end":{"line":236,"column":9}},"75":{"start":{"line":228,"column":10},"end":{"line":228,"column":30}},"76":{"start":{"line":229,"column":10},"end":{"line":235,"column":11}},"77":{"start":{"line":230,"column":12},"end":{"line":232,"column":23}},"78":{"start":{"line":234,"column":12},"end":{"line":234,"column":34}},"79":{"start":{"line":239,"column":8},"end":{"line":241,"column":9}},"80":{"start":{"line":240,"column":10},"end":{"line":240,"column":50}},"81":{"start":{"line":258,"column":2},"end":{"line":326,"column":3}},"82":{"start":{"line":259,"column":4},"end":{"line":262,"column":5}},"83":{"start":{"line":263,"column":4},"end":{"line":325,"column":6}},"84":{"start":{"line":264,"column":6},"end":{"line":264,"column":66}},"85":{"start":{"line":265,"column":6},"end":{"line":324,"column":7}},"86":{"start":{"line":269,"column":10},"end":{"line":269,"column":40}},"87":{"start":{"line":270,"column":10},"end":{"line":270,"column":38}},"88":{"start":{"line":271,"column":10},"end":{"line":271,"column":55}},"89":{"start":{"line":272,"column":10},"end":{"line":272,"column":50}},"90":{"start":{"line":273,"column":10},"end":{"line":273,"column":16}},"91":{"start":{"line":275,"column":10},"end":{"line":275,"column":48}},"92":{"start":{"line":276,"column":10},"end":{"line":276,"column":16}},"93":{"start":{"line":278,"column":10},"end":{"line":322,"column":11}},"94":{"start":{"line":279,"column":12},"end":{"line":279,"column":34}},"95":{"start":{"line":280,"column":12},"end":{"line":315,"column":13}},"96":{"start":{"line":281,"column":14},"end":{"line":281,"column":44}},"97":{"start":{"line":282,"column":14},"end":{"line":282,"column":30}},"98":{"start":{"line":284,"column":14},"end":{"line":284,"column":37}},"99":{"start":{"line":285,"column":14},"end":{"line":314,"column":15}},"100":{"start":{"line":286,"column":16},"end":{"line":286,"column":36}},"101":{"start":{"line":287,"column":21},"end":{"line":314,"column":15}},"102":{"start":{"line":288,"column":16},"end":{"line":294,"column":17}},"103":{"start":{"line":289,"column":18},"end":{"line":289,"column":61}},"104":{"start":{"line":290,"column":18},"end":{"line":291,"column":90}},"105":{"start":{"line":291,"column":20},"end":{"line":291,"column":90}},"106":{"start":{"line":293,"column":18},"end":{"line":293,"column":40}},"107":{"start":{"line":295,"column":16},"end":{"line":297,"column":17}},"108":{"start":{"line":296,"column":18},"end":{"line":296,"column":63}},"109":{"start":{"line":298,"column":16},"end":{"line":298,"column":54}},"110":{"start":{"line":299,"column":16},"end":{"line":303,"column":17}},"111":{"start":{"line":300,"column":18},"end":{"line":300,"column":37}},"112":{"start":{"line":301,"column":18},"end":{"line":301,"column":37}},"113":{"start":{"line":302,"column":18},"end":{"line":302,"column":46}},"114":{"start":{"line":304,"column":16},"end":{"line":304,"column":27}},"115":{"start":{"line":306,"column":16},"end":{"line":306,"column":57}},"116":{"start":{"line":307,"column":16},"end":{"line":313,"column":17}},"117":{"start":{"line":308,"column":18},"end":{"line":308,"column":48}},"118":{"start":{"line":309,"column":18},"end":{"line":309,"column":41}},"119":{"start":{"line":310,"column":18},"end":{"line":310,"column":47}},"120":{"start":{"line":311,"column":18},"end":{"line":311,"column":58}},"121":{"start":{"line":312,"column":18},"end":{"line":312,"column":68}},"122":{"start":{"line":317,"column":12},"end":{"line":317,"column":42}},"123":{"start":{"line":318,"column":12},"end":{"line":320,"column":22}},"124":{"start":{"line":321,"column":12},"end":{"line":321,"column":49}},"125":{"start":{"line":323,"column":10},"end":{"line":323,"column":16}},"126":{"start":{"line":334,"column":2},"end":{"line":341,"column":3}},"127":{"start":{"line":335,"column":4},"end":{"line":335,"column":17}},"128":{"start":{"line":336,"column":4},"end":{"line":340,"column":6}},"129":{"start":{"line":337,"column":6},"end":{"line":339,"column":7}},"130":{"start":{"line":338,"column":8},"end":{"line":338,"column":49}},"131":{"start":{"line":350,"column":2},"end":{"line":360,"column":3}},"132":{"start":{"line":351,"column":4},"end":{"line":351,"column":37}},"133":{"start":{"line":352,"column":4},"end":{"line":359,"column":5}},"134":{"start":{"line":357,"column":6},"end":{"line":357,"column":39}},"135":{"start":{"line":358,"column":6},"end":{"line":358,"column":37}},"136":{"start":{"line":363,"column":2},"end":{"line":407,"column":3}},"137":{"start":{"line":364,"column":4},"end":{"line":364,"column":46}},"138":{"start":{"line":365,"column":4},"end":{"line":381,"column":5}},"139":{"start":{"line":367,"column":8},"end":{"line":367,"column":29}},"140":{"start":{"line":368,"column":8},"end":{"line":368,"column":14}},"141":{"start":{"line":370,"column":8},"end":{"line":370,"column":40}},"142":{"start":{"line":372,"column":8},"end":{"line":372,"column":60}},"143":{"start":{"line":373,"column":8},"end":{"line":373,"column":56}},"144":{"start":{"line":374,"column":8},"end":{"line":374,"column":84}},"145":{"start":{"line":375,"column":8},"end":{"line":375,"column":14}},"146":{"start":{"line":378,"column":8},"end":{"line":378,"column":42}},"147":{"start":{"line":379,"column":8},"end":{"line":379,"column":54}},"148":{"start":{"line":380,"column":8},"end":{"line":380,"column":14}},"149":{"start":{"line":382,"column":4},"end":{"line":382,"column":25}},"150":{"start":{"line":383,"column":4},"end":{"line":386,"column":5}},"151":{"start":{"line":384,"column":6},"end":{"line":384,"column":78}},"152":{"start":{"line":385,"column":6},"end":{"line":385,"column":27}},"153":{"start":{"line":387,"column":4},"end":{"line":405,"column":5}},"154":{"start":{"line":388,"column":6},"end":{"line":404,"column":7}},"155":{"start":{"line":390,"column":10},"end":{"line":390,"column":42}},"156":{"start":{"line":391,"column":10},"end":{"line":391,"column":66}},"157":{"start":{"line":392,"column":10},"end":{"line":392,"column":16}},"158":{"start":{"line":394,"column":10},"end":{"line":394,"column":42}},"159":{"start":{"line":395,"column":10},"end":{"line":399,"column":11}},"160":{"start":{"line":395,"column":26},"end":{"line":395,"column":44}},"161":{"start":{"line":397,"column":12},"end":{"line":397,"column":35}},"162":{"start":{"line":398,"column":12},"end":{"line":398,"column":35}},"163":{"start":{"line":400,"column":10},"end":{"line":400,"column":16}},"164":{"start":{"line":402,"column":10},"end":{"line":402,"column":36}},"165":{"start":{"line":403,"column":10},"end":{"line":403,"column":16}},"166":{"start":{"line":406,"column":4},"end":{"line":406,"column":16}},"167":{"start":{"line":409,"column":2},"end":{"line":411,"column":3}},"168":{"start":{"line":410,"column":4},"end":{"line":410,"column":47}},"169":{"start":{"line":414,"column":2},"end":{"line":416,"column":3}},"170":{"start":{"line":415,"column":4},"end":{"line":415,"column":46}},"171":{"start":{"line":420,"column":2},"end":{"line":431,"column":3}},"172":{"start":{"line":421,"column":4},"end":{"line":425,"column":5}},"173":{"start":{"line":426,"column":4},"end":{"line":429,"column":5}},"174":{"start":{"line":427,"column":6},"end":{"line":428,"column":20}},"175":{"start":{"line":427,"column":40},"end":{"line":427,"column":44}},"176":{"start":{"line":428,"column":11},"end":{"line":428,"column":20}},"177":{"start":{"line":430,"column":4},"end":{"line":430,"column":34}},"178":{"start":{"line":440,"column":2},"end":{"line":455,"column":3}},"179":{"start":{"line":441,"column":4},"end":{"line":446,"column":5}},"180":{"start":{"line":447,"column":4},"end":{"line":447,"column":75}},"181":{"start":{"line":448,"column":4},"end":{"line":450,"column":5}},"182":{"start":{"line":449,"column":6},"end":{"line":449,"column":68}},"183":{"start":{"line":451,"column":4},"end":{"line":454,"column":6}},"184":{"start":{"line":462,"column":2},"end":{"line":468,"column":3}},"185":{"start":{"line":463,"column":4},"end":{"line":466,"column":7}},"186":{"start":{"line":467,"column":4},"end":{"line":467,"column":15}},"187":{"start":{"line":472,"column":2},"end":{"line":493,"column":3}},"188":{"start":{"line":473,"column":4},"end":{"line":492,"column":5}},"189":{"start":{"line":475,"column":8},"end":{"line":475,"column":43}},"190":{"start":{"line":476,"column":8},"end":{"line":481,"column":9}},"191":{"start":{"line":477,"column":10},"end":{"line":480,"column":11}},"192":{"start":{"line":478,"column":12},"end":{"line":478,"column":42}},"193":{"start":{"line":479,"column":12},"end":{"line":479,"column":18}},"194":{"start":{"line":482,"column":8},"end":{"line":482,"column":40}},"195":{"start":{"line":483,"column":8},"end":{"line":483,"column":14}},"196":{"start":{"line":485,"column":8},"end":{"line":487,"column":9}},"197":{"start":{"line":486,"column":10},"end":{"line":486,"column":42}},"198":{"start":{"line":488,"column":8},"end":{"line":488,"column":14}},"199":{"start":{"line":490,"column":8},"end":{"line":490,"column":47}},"200":{"start":{"line":491,"column":8},"end":{"line":491,"column":14}},"201":{"start":{"line":496,"column":2},"end":{"line":502,"column":3}},"202":{"start":{"line":497,"column":4},"end":{"line":497,"column":36}},"203":{"start":{"line":498,"column":4},"end":{"line":501,"column":5}},"204":{"start":{"line":499,"column":6},"end":{"line":499,"column":27}},"205":{"start":{"line":500,"column":6},"end":{"line":500,"column":42}},"206":{"start":{"line":505,"column":2},"end":{"line":508,"column":3}},"207":{"start":{"line":506,"column":4},"end":{"line":506,"column":28}},"208":{"start":{"line":507,"column":4},"end":{"line":507,"column":30}},"209":{"start":{"line":515,"column":2},"end":{"line":537,"column":3}},"210":{"start":{"line":516,"column":4},"end":{"line":531,"column":5}},"211":{"start":{"line":524,"column":6},"end":{"line":524,"column":28}},"212":{"start":{"line":525,"column":6},"end":{"line":530,"column":7}},"213":{"start":{"line":529,"column":8},"end":{"line":529,"column":29}},"214":{"start":{"line":532,"column":4},"end":{"line":532,"column":29}},"215":{"start":{"line":533,"column":4},"end":{"line":536,"column":39}},"216":{"start":{"line":535,"column":20},"end":{"line":535,"column":33}},"217":{"start":{"line":536,"column":20},"end":{"line":536,"column":36}},"218":{"start":{"line":540,"column":2},"end":{"line":550,"column":3}},"219":{"start":{"line":541,"column":4},"end":{"line":541,"column":30}},"220":{"start":{"line":542,"column":4},"end":{"line":549,"column":5}},"221":{"start":{"line":543,"column":6},"end":{"line":543,"column":41}},"222":{"start":{"line":544,"column":6},"end":{"line":544,"column":49}},"223":{"start":{"line":545,"column":6},"end":{"line":545,"column":33}},"224":{"start":{"line":547,"column":6},"end":{"line":547,"column":40}},"225":{"start":{"line":548,"column":6},"end":{"line":548,"column":39}},"226":{"start":{"line":553,"column":2},"end":{"line":611,"column":3}},"227":{"start":{"line":554,"column":4},"end":{"line":554,"column":71}},"228":{"start":{"line":556,"column":4},"end":{"line":562,"column":5}},"229":{"start":{"line":557,"column":6},"end":{"line":557,"column":27}},"230":{"start":{"line":558,"column":6},"end":{"line":560,"column":17}},"231":{"start":{"line":561,"column":6},"end":{"line":561,"column":41}},"232":{"start":{"line":564,"column":4},"end":{"line":573,"column":5}},"233":{"start":{"line":565,"column":6},"end":{"line":571,"column":7}},"234":{"start":{"line":566,"column":8},"end":{"line":566,"column":22}},"235":{"start":{"line":567,"column":8},"end":{"line":569,"column":9}},"236":{"start":{"line":568,"column":10},"end":{"line":568,"column":66}},"237":{"start":{"line":570,"column":8},"end":{"line":570,"column":47}},"238":{"start":{"line":572,"column":6},"end":{"line":572,"column":23}},"239":{"start":{"line":575,"column":4},"end":{"line":610,"column":8}},"240":{"start":{"line":577,"column":8},"end":{"line":577,"column":29}},"241":{"start":{"line":578,"column":8},"end":{"line":599,"column":9}},"242":{"start":{"line":579,"column":10},"end":{"line":579,"column":23}},"243":{"start":{"line":580,"column":10},"end":{"line":580,"column":29}},"244":{"start":{"line":581,"column":10},"end":{"line":598,"column":12}},"245":{"start":{"line":582,"column":12},"end":{"line":595,"column":13}},"246":{"start":{"line":583,"column":14},"end":{"line":594,"column":15}},"247":{"start":{"line":584,"column":16},"end":{"line":584,"column":40}},"248":{"start":{"line":585,"column":16},"end":{"line":589,"column":18}},"249":{"start":{"line":590,"column":16},"end":{"line":590,"column":51}},"250":{"start":{"line":592,"column":16},"end":{"line":592,"column":75}},"251":{"start":{"line":592,"column":62},"end":{"line":592,"column":75}},"252":{"start":{"line":593,"column":16},"end":{"line":593,"column":35}},"253":{"start":{"line":596,"column":12},"end":{"line":596,"column":37}},"254":{"start":{"line":597,"column":12},"end":{"line":597,"column":27}},"255":{"start":{"line":600,"column":8},"end":{"line":600,"column":23}},"256":{"start":{"line":603,"column":8},"end":{"line":607,"column":9}},"257":{"start":{"line":604,"column":10},"end":{"line":604,"column":23}},"258":{"start":{"line":605,"column":10},"end":{"line":605,"column":29}},"259":{"start":{"line":606,"column":10},"end":{"line":606,"column":28}},"260":{"start":{"line":608,"column":8},"end":{"line":608,"column":38}},"261":{"start":{"line":609,"column":8},"end":{"line":609,"column":23}},"262":{"start":{"line":614,"column":2},"end":{"line":616,"column":3}},"263":{"start":{"line":615,"column":4},"end":{"line":615,"column":56}},"264":{"start":{"line":619,"column":2},"end":{"line":627,"column":3}},"265":{"start":{"line":620,"column":4},"end":{"line":623,"column":5}},"266":{"start":{"line":624,"column":4},"end":{"line":626,"column":69}},"267":{"start":{"line":636,"column":2},"end":{"line":677,"column":3}},"268":{"start":{"line":637,"column":4},"end":{"line":637,"column":21}},"269":{"start":{"line":638,"column":4},"end":{"line":645,"column":5}},"270":{"start":{"line":646,"column":4},"end":{"line":646,"column":22}},"271":{"start":{"line":647,"column":4},"end":{"line":647,"column":72}},"272":{"start":{"line":647,"column":15},"end":{"line":647,"column":72}},"273":{"start":{"line":648,"column":4},"end":{"line":674,"column":5}},"274":{"start":{"line":649,"column":6},"end":{"line":649,"column":26}},"275":{"start":{"line":650,"column":6},"end":{"line":650,"column":34}},"276":{"start":{"line":651,"column":6},"end":{"line":673,"column":7}},"277":{"start":{"line":653,"column":10},"end":{"line":653,"column":43}},"278":{"start":{"line":654,"column":10},"end":{"line":654,"column":16}},"279":{"start":{"line":656,"column":10},"end":{"line":656,"column":61}},"280":{"start":{"line":657,"column":10},"end":{"line":657,"column":16}},"281":{"start":{"line":659,"column":10},"end":{"line":666,"column":11}},"282":{"start":{"line":660,"column":12},"end":{"line":660,"column":46}},"283":{"start":{"line":663,"column":12},"end":{"line":663,"column":48}},"284":{"start":{"line":664,"column":12},"end":{"line":664,"column":53}},"285":{"start":{"line":665,"column":12},"end":{"line":665,"column":46}},"286":{"start":{"line":667,"column":10},"end":{"line":667,"column":16}},"287":{"start":{"line":669,"column":10},"end":{"line":669,"column":46}},"288":{"start":{"line":670,"column":10},"end":{"line":670,"column":51}},"289":{"start":{"line":671,"column":10},"end":{"line":671,"column":53}},"290":{"start":{"line":672,"column":10},"end":{"line":672,"column":16}},"291":{"start":{"line":675,"column":4},"end":{"line":675,"column":45}},"292":{"start":{"line":676,"column":4},"end":{"line":676,"column":41}},"293":{"start":{"line":681,"column":2},"end":{"line":691,"column":3}},"294":{"start":{"line":682,"column":4},"end":{"line":689,"column":5}},"295":{"start":{"line":688,"column":6},"end":{"line":688,"column":35}},"296":{"start":{"line":690,"column":4},"end":{"line":690,"column":16}},"297":{"start":{"line":696,"column":2},"end":{"line":713,"column":3}},"298":{"start":{"line":697,"column":4},"end":{"line":700,"column":5}},"299":{"start":{"line":701,"column":4},"end":{"line":709,"column":5}},"300":{"start":{"line":702,"column":6},"end":{"line":702,"column":24}},"301":{"start":{"line":703,"column":6},"end":{"line":703,"column":41}},"302":{"start":{"line":704,"column":6},"end":{"line":704,"column":51}},"303":{"start":{"line":705,"column":11},"end":{"line":709,"column":5}},"304":{"start":{"line":706,"column":6},"end":{"line":706,"column":28}},"305":{"start":{"line":708,"column":6},"end":{"line":708,"column":29}},"306":{"start":{"line":710,"column":4},"end":{"line":710,"column":34}},"307":{"start":{"line":711,"column":4},"end":{"line":711,"column":45}},"308":{"start":{"line":712,"column":4},"end":{"line":712,"column":60}},"309":{"start":{"line":719,"column":2},"end":{"line":790,"column":3}},"310":{"start":{"line":737,"column":6},"end":{"line":737,"column":49}},"311":{"start":{"line":738,"column":6},"end":{"line":738,"column":60}},"312":{"start":{"line":746,"column":8},"end":{"line":746,"column":44}},"313":{"start":{"line":749,"column":8},"end":{"line":755,"column":9}},"314":{"start":{"line":754,"column":10},"end":{"line":754,"column":42}},"315":{"start":{"line":759,"column":6},"end":{"line":759,"column":41}},"316":{"start":{"line":760,"column":6},"end":{"line":760,"column":32}},"317":{"start":{"line":764,"column":6},"end":{"line":764,"column":44}},"318":{"start":{"line":772,"column":30},"end":{"line":772,"column":50}},"319":{"start":{"line":774,"column":10},"end":{"line":777,"column":13}},"320":{"start":{"line":795,"column":2},"end":{"line":795,"column":19}},"321":{"start":{"line":800,"column":0},"end":{"line":800,"column":49}},"322":{"start":{"line":800,"column":6},"end":{"line":800,"column":33}}},"branchMap":{"1":{"line":15,"type":"cond-expr","locations":[{"start":{"line":17,"column":14},"end":{"line":17,"column":43}},{"start":{"line":18,"column":14},"end":{"line":18,"column":44}}]},"2":{"line":15,"type":"binary-expr","locations":[{"start":{"line":15,"column":12},"end":{"line":15,"column":27}},{"start":{"line":16,"column":12},"end":{"line":16,"column":39}}]},"3":{"line":34,"type":"cond-expr","locations":[{"start":{"line":36,"column":14},"end":{"line":36,"column":43}},{"start":{"line":37,"column":14},"end":{"line":37,"column":42}}]},"4":{"line":34,"type":"binary-expr","locations":[{"start":{"line":34,"column":14},"end":{"line":34,"column":29}},{"start":{"line":35,"column":12},"end":{"line":35,"column":39}}]},"5":{"line":55,"type":"cond-expr","locations":[{"start":{"line":56,"column":6},"end":{"line":56,"column":25}},{"start":{"line":57,"column":7},"end":{"line":59,"column":39}}]},"6":{"line":57,"type":"cond-expr","locations":[{"start":{"line":58,"column":8},"end":{"line":58,"column":35}},{"start":{"line":59,"column":8},"end":{"line":59,"column":39}}]},"7":{"line":58,"type":"binary-expr","locations":[{"start":{"line":58,"column":20},"end":{"line":58,"column":24}},{"start":{"line":58,"column":28},"end":{"line":58,"column":34}}]},"8":{"line":59,"type":"binary-expr","locations":[{"start":{"line":59,"column":24},"end":{"line":59,"column":28}},{"start":{"line":59,"column":32},"end":{"line":59,"column":38}}]},"9":{"line":87,"type":"if","locations":[{"start":{"line":87,"column":6},"end":{"line":87,"column":6}},{"start":{"line":87,"column":6},"end":{"line":87,"column":6}}]},"10":{"line":90,"type":"if","locations":[{"start":{"line":90,"column":8},"end":{"line":90,"column":8}},{"start":{"line":90,"column":8},"end":{"line":90,"column":8}}]},"11":{"line":91,"type":"cond-expr","locations":[{"start":{"line":92,"column":10},"end":{"line":92,"column":33}},{"start":{"line":93,"column":10},"end":{"line":93,"column":39}}]},"12":{"line":113,"type":"switch","locations":[{"start":{"line":114,"column":8},"end":{"line":117,"column":16}},{"start":{"line":118,"column":8},"end":{"line":143,"column":16}},{"start":{"line":144,"column":8},"end":{"line":150,"column":16}}]},"13":{"line":119,"type":"if","locations":[{"start":{"line":119,"column":10},"end":{"line":119,"column":10}},{"start":{"line":119,"column":10},"end":{"line":119,"column":10}}]},"14":{"line":120,"type":"if","locations":[{"start":{"line":120,"column":12},"end":{"line":120,"column":12}},{"start":{"line":120,"column":12},"end":{"line":120,"column":12}}]},"15":{"line":121,"type":"if","locations":[{"start":{"line":121,"column":14},"end":{"line":121,"column":14}},{"start":{"line":121,"column":14},"end":{"line":121,"column":14}}]},"16":{"line":127,"type":"if","locations":[{"start":{"line":127,"column":19},"end":{"line":127,"column":19}},{"start":{"line":127,"column":19},"end":{"line":127,"column":19}}]},"17":{"line":128,"type":"binary-expr","locations":[{"start":{"line":128,"column":15},"end":{"line":128,"column":20}},{"start":{"line":128,"column":24},"end":{"line":128,"column":67}},{"start":{"line":129,"column":15},"end":{"line":129,"column":31}},{"start":{"line":129,"column":35},"end":{"line":129,"column":78}}]},"18":{"line":131,"type":"cond-expr","locations":[{"start":{"line":132,"column":16},"end":{"line":132,"column":33}},{"start":{"line":132,"column":36},"end":{"line":132,"column":67}}]},"19":{"line":134,"type":"if","locations":[{"start":{"line":134,"column":14},"end":{"line":134,"column":14}},{"start":{"line":134,"column":14},"end":{"line":134,"column":14}}]},"20":{"line":147,"type":"if","locations":[{"start":{"line":147,"column":10},"end":{"line":147,"column":10}},{"start":{"line":147,"column":10},"end":{"line":147,"column":10}}]},"21":{"line":147,"type":"binary-expr","locations":[{"start":{"line":147,"column":14},"end":{"line":147,"column":54}},{"start":{"line":147,"column":58},"end":{"line":147,"column":84}}]},"22":{"line":148,"type":"cond-expr","locations":[{"start":{"line":148,"column":37},"end":{"line":148,"column":55}},{"start":{"line":148,"column":58},"end":{"line":148,"column":78}}]},"23":{"line":169,"type":"switch","locations":[{"start":{"line":170,"column":8},"end":{"line":172,"column":16}},{"start":{"line":173,"column":8},"end":{"line":173,"column":22}},{"start":{"line":174,"column":8},"end":{"line":176,"column":16}},{"start":{"line":177,"column":8},"end":{"line":179,"column":16}},{"start":{"line":180,"column":8},"end":{"line":206,"column":16}}]},"24":{"line":181,"type":"if","locations":[{"start":{"line":181,"column":10},"end":{"line":181,"column":10}},{"start":{"line":181,"column":10},"end":{"line":181,"column":10}}]},"25":{"line":183,"type":"if","locations":[{"start":{"line":183,"column":12},"end":{"line":183,"column":12}},{"start":{"line":183,"column":12},"end":{"line":183,"column":12}}]},"26":{"line":186,"type":"if","locations":[{"start":{"line":186,"column":14},"end":{"line":186,"column":14}},{"start":{"line":186,"column":14},"end":{"line":186,"column":14}}]},"27":{"line":187,"type":"if","locations":[{"start":{"line":187,"column":14},"end":{"line":187,"column":14}},{"start":{"line":187,"column":14},"end":{"line":187,"column":14}}]},"28":{"line":189,"type":"if","locations":[{"start":{"line":189,"column":21},"end":{"line":189,"column":21}},{"start":{"line":189,"column":21},"end":{"line":189,"column":21}}]},"29":{"line":198,"type":"if","locations":[{"start":{"line":198,"column":16},"end":{"line":198,"column":16}},{"start":{"line":198,"column":16},"end":{"line":198,"column":16}}]},"30":{"line":221,"type":"binary-expr","locations":[{"start":{"line":221,"column":18},"end":{"line":221,"column":30}},{"start":{"line":221,"column":34},"end":{"line":221,"column":66}}]},"31":{"line":224,"type":"if","locations":[{"start":{"line":224,"column":4},"end":{"line":224,"column":4}},{"start":{"line":224,"column":4},"end":{"line":224,"column":4}}]},"32":{"line":225,"type":"cond-expr","locations":[{"start":{"line":226,"column":6},"end":{"line":237,"column":7}},{"start":{"line":238,"column":6},"end":{"line":242,"column":7}}]},"33":{"line":227,"type":"if","locations":[{"start":{"line":227,"column":8},"end":{"line":227,"column":8}},{"start":{"line":227,"column":8},"end":{"line":227,"column":8}}]},"34":{"line":229,"type":"if","locations":[{"start":{"line":229,"column":10},"end":{"line":229,"column":10}},{"start":{"line":229,"column":10},"end":{"line":229,"column":10}}]},"35":{"line":230,"type":"cond-expr","locations":[{"start":{"line":231,"column":14},"end":{"line":231,"column":49}},{"start":{"line":232,"column":14},"end":{"line":232,"column":22}}]},"36":{"line":239,"type":"if","locations":[{"start":{"line":239,"column":8},"end":{"line":239,"column":8}},{"start":{"line":239,"column":8},"end":{"line":239,"column":8}}]},"37":{"line":265,"type":"switch","locations":[{"start":{"line":266,"column":8},"end":{"line":266,"column":22}},{"start":{"line":267,"column":8},"end":{"line":267,"column":22}},{"start":{"line":268,"column":8},"end":{"line":273,"column":16}},{"start":{"line":274,"column":8},"end":{"line":276,"column":16}},{"start":{"line":277,"column":8},"end":{"line":323,"column":16}}]},"38":{"line":278,"type":"if","locations":[{"start":{"line":278,"column":10},"end":{"line":278,"column":10}},{"start":{"line":278,"column":10},"end":{"line":278,"column":10}}]},"39":{"line":280,"type":"if","locations":[{"start":{"line":280,"column":12},"end":{"line":280,"column":12}},{"start":{"line":280,"column":12},"end":{"line":280,"column":12}}]},"40":{"line":285,"type":"if","locations":[{"start":{"line":285,"column":14},"end":{"line":285,"column":14}},{"start":{"line":285,"column":14},"end":{"line":285,"column":14}}]},"41":{"line":287,"type":"if","locations":[{"start":{"line":287,"column":21},"end":{"line":287,"column":21}},{"start":{"line":287,"column":21},"end":{"line":287,"column":21}}]},"42":{"line":288,"type":"if","locations":[{"start":{"line":288,"column":16},"end":{"line":288,"column":16}},{"start":{"line":288,"column":16},"end":{"line":288,"column":16}}]},"43":{"line":290,"type":"if","locations":[{"start":{"line":290,"column":18},"end":{"line":290,"column":18}},{"start":{"line":290,"column":18},"end":{"line":290,"column":18}}]},"44":{"line":299,"type":"if","locations":[{"start":{"line":299,"column":16},"end":{"line":299,"column":16}},{"start":{"line":299,"column":16},"end":{"line":299,"column":16}}]},"45":{"line":307,"type":"if","locations":[{"start":{"line":307,"column":16},"end":{"line":307,"column":16}},{"start":{"line":307,"column":16},"end":{"line":307,"column":16}}]},"46":{"line":318,"type":"cond-expr","locations":[{"start":{"line":319,"column":14},"end":{"line":319,"column":42}},{"start":{"line":320,"column":14},"end":{"line":320,"column":21}}]},"47":{"line":337,"type":"if","locations":[{"start":{"line":337,"column":6},"end":{"line":337,"column":6}},{"start":{"line":337,"column":6},"end":{"line":337,"column":6}}]},"48":{"line":352,"type":"if","locations":[{"start":{"line":352,"column":4},"end":{"line":352,"column":4}},{"start":{"line":352,"column":4},"end":{"line":352,"column":4}}]},"49":{"line":353,"type":"binary-expr","locations":[{"start":{"line":353,"column":6},"end":{"line":353,"column":14}},{"start":{"line":354,"column":6},"end":{"line":354,"column":37}},{"start":{"line":355,"column":6},"end":{"line":355,"column":48}}]},"50":{"line":365,"type":"switch","locations":[{"start":{"line":366,"column":6},"end":{"line":368,"column":14}},{"start":{"line":369,"column":6},"end":{"line":375,"column":14}},{"start":{"line":376,"column":6},"end":{"line":376,"column":26}},{"start":{"line":377,"column":6},"end":{"line":380,"column":14}}]},"51":{"line":388,"type":"switch","locations":[{"start":{"line":389,"column":8},"end":{"line":392,"column":16}},{"start":{"line":393,"column":8},"end":{"line":400,"column":16}},{"start":{"line":401,"column":8},"end":{"line":403,"column":16}}]},"52":{"line":391,"type":"binary-expr","locations":[{"start":{"line":391,"column":17},"end":{"line":391,"column":27}},{"start":{"line":391,"column":31},"end":{"line":391,"column":65}}]},"53":{"line":395,"type":"if","locations":[{"start":{"line":395,"column":10},"end":{"line":395,"column":10}},{"start":{"line":395,"column":10},"end":{"line":395,"column":10}}]},"54":{"line":410,"type":"binary-expr","locations":[{"start":{"line":410,"column":11},"end":{"line":410,"column":29}},{"start":{"line":410,"column":33},"end":{"line":410,"column":46}}]},"55":{"line":427,"type":"if","locations":[{"start":{"line":427,"column":6},"end":{"line":427,"column":6}},{"start":{"line":427,"column":6},"end":{"line":427,"column":6}}]},"56":{"line":427,"type":"binary-expr","locations":[{"start":{"line":427,"column":10},"end":{"line":427,"column":21}},{"start":{"line":427,"column":25},"end":{"line":427,"column":38}}]},"57":{"line":430,"type":"cond-expr","locations":[{"start":{"line":430,"column":27},"end":{"line":430,"column":29}},{"start":{"line":430,"column":32},"end":{"line":430,"column":33}}]},"58":{"line":443,"type":"binary-expr","locations":[{"start":{"line":443,"column":17},"end":{"line":443,"column":19}},{"start":{"line":444,"column":18},"end":{"line":444,"column":42}},{"start":{"line":445,"column":18},"end":{"line":445,"column":68}}]},"59":{"line":447,"type":"cond-expr","locations":[{"start":{"line":447,"column":37},"end":{"line":447,"column":66}},{"start":{"line":447,"column":70},"end":{"line":447,"column":74}}]},"60":{"line":448,"type":"if","locations":[{"start":{"line":448,"column":4},"end":{"line":448,"column":4}},{"start":{"line":448,"column":4},"end":{"line":448,"column":4}}]},"61":{"line":453,"type":"binary-expr","locations":[{"start":{"line":453,"column":18},"end":{"line":453,"column":34}},{"start":{"line":453,"column":38},"end":{"line":453,"column":46}}]},"62":{"line":473,"type":"switch","locations":[{"start":{"line":474,"column":6},"end":{"line":483,"column":14}},{"start":{"line":484,"column":6},"end":{"line":488,"column":14}},{"start":{"line":489,"column":6},"end":{"line":491,"column":14}}]},"63":{"line":476,"type":"if","locations":[{"start":{"line":476,"column":8},"end":{"line":476,"column":8}},{"start":{"line":476,"column":8},"end":{"line":476,"column":8}}]},"64":{"line":477,"type":"if","locations":[{"start":{"line":477,"column":10},"end":{"line":477,"column":10}},{"start":{"line":477,"column":10},"end":{"line":477,"column":10}}]},"65":{"line":485,"type":"if","locations":[{"start":{"line":485,"column":8},"end":{"line":485,"column":8}},{"start":{"line":485,"column":8},"end":{"line":485,"column":8}}]},"66":{"line":525,"type":"if","locations":[{"start":{"line":525,"column":6},"end":{"line":525,"column":6}},{"start":{"line":525,"column":6},"end":{"line":525,"column":6}}]},"67":{"line":526,"type":"binary-expr","locations":[{"start":{"line":526,"column":8},"end":{"line":526,"column":39}},{"start":{"line":527,"column":8},"end":{"line":527,"column":47}}]},"68":{"line":533,"type":"cond-expr","locations":[{"start":{"line":534,"column":7},"end":{"line":535,"column":35}},{"start":{"line":536,"column":6},"end":{"line":536,"column":38}}]},"69":{"line":534,"type":"cond-expr","locations":[{"start":{"line":534,"column":29},"end":{"line":534,"column":33}},{"start":{"line":534,"column":36},"end":{"line":534,"column":47}}]},"70":{"line":542,"type":"if","locations":[{"start":{"line":542,"column":4},"end":{"line":542,"column":4}},{"start":{"line":542,"column":4},"end":{"line":542,"column":4}}]},"71":{"line":558,"type":"cond-expr","locations":[{"start":{"line":559,"column":8},"end":{"line":559,"column":74}},{"start":{"line":560,"column":8},"end":{"line":560,"column":16}}]},"72":{"line":565,"type":"if","locations":[{"start":{"line":565,"column":6},"end":{"line":565,"column":6}},{"start":{"line":565,"column":6},"end":{"line":565,"column":6}}]},"73":{"line":567,"type":"if","locations":[{"start":{"line":567,"column":8},"end":{"line":567,"column":8}},{"start":{"line":567,"column":8},"end":{"line":567,"column":8}}]},"74":{"line":575,"type":"cond-expr","locations":[{"start":{"line":576,"column":6},"end":{"line":601,"column":7}},{"start":{"line":602,"column":6},"end":{"line":610,"column":7}}]},"75":{"line":578,"type":"if","locations":[{"start":{"line":578,"column":8},"end":{"line":578,"column":8}},{"start":{"line":578,"column":8},"end":{"line":578,"column":8}}]},"76":{"line":582,"type":"if","locations":[{"start":{"line":582,"column":12},"end":{"line":582,"column":12}},{"start":{"line":582,"column":12},"end":{"line":582,"column":12}}]},"77":{"line":583,"type":"if","locations":[{"start":{"line":583,"column":14},"end":{"line":583,"column":14}},{"start":{"line":583,"column":14},"end":{"line":583,"column":14}}]},"78":{"line":592,"type":"if","locations":[{"start":{"line":592,"column":16},"end":{"line":592,"column":16}},{"start":{"line":592,"column":16},"end":{"line":592,"column":16}}]},"79":{"line":603,"type":"if","locations":[{"start":{"line":603,"column":8},"end":{"line":603,"column":8}},{"start":{"line":603,"column":8},"end":{"line":603,"column":8}}]},"80":{"line":615,"type":"binary-expr","locations":[{"start":{"line":615,"column":11},"end":{"line":615,"column":20}},{"start":{"line":615,"column":25},"end":{"line":615,"column":54}}]},"81":{"line":621,"type":"binary-expr","locations":[{"start":{"line":621,"column":14},"end":{"line":621,"column":25}},{"start":{"line":621,"column":30},"end":{"line":621,"column":60}}]},"82":{"line":624,"type":"cond-expr","locations":[{"start":{"line":625,"column":6},"end":{"line":625,"column":33}},{"start":{"line":626,"column":6},"end":{"line":626,"column":68}}]},"83":{"line":626,"type":"binary-expr","locations":[{"start":{"line":626,"column":41},"end":{"line":626,"column":57}},{"start":{"line":626,"column":61},"end":{"line":626,"column":67}}]},"84":{"line":641,"type":"cond-expr","locations":[{"start":{"line":642,"column":10},"end":{"line":642,"column":57}},{"start":{"line":643,"column":10},"end":{"line":643,"column":27}}]},"85":{"line":647,"type":"if","locations":[{"start":{"line":647,"column":4},"end":{"line":647,"column":4}},{"start":{"line":647,"column":4},"end":{"line":647,"column":4}}]},"86":{"line":651,"type":"switch","locations":[{"start":{"line":652,"column":8},"end":{"line":654,"column":16}},{"start":{"line":655,"column":8},"end":{"line":657,"column":16}},{"start":{"line":658,"column":8},"end":{"line":667,"column":16}},{"start":{"line":668,"column":8},"end":{"line":672,"column":16}}]},"87":{"line":659,"type":"if","locations":[{"start":{"line":659,"column":10},"end":{"line":659,"column":10}},{"start":{"line":659,"column":10},"end":{"line":659,"column":10}}]},"88":{"line":701,"type":"if","locations":[{"start":{"line":701,"column":4},"end":{"line":701,"column":4}},{"start":{"line":701,"column":4},"end":{"line":701,"column":4}}]},"89":{"line":705,"type":"if","locations":[{"start":{"line":705,"column":11},"end":{"line":705,"column":11}},{"start":{"line":705,"column":11},"end":{"line":705,"column":11}}]},"90":{"line":712,"type":"cond-expr","locations":[{"start":{"line":712,"column":23},"end":{"line":712,"column":27}},{"start":{"line":712,"column":30},"end":{"line":712,"column":59}}]},"91":{"line":744,"type":"cond-expr","locations":[{"start":{"line":745,"column":6},"end":{"line":747,"column":7}},{"start":{"line":748,"column":6},"end":{"line":756,"column":7}}]},"92":{"line":757,"type":"binary-expr","locations":[{"start":{"line":757,"column":9},"end":{"line":757,"column":11}},{"start":{"line":757,"column":15},"end":{"line":757,"column":82}}]},"93":{"line":758,"type":"binary-expr","locations":[{"start":{"line":758,"column":15},"end":{"line":758,"column":17}},{"start":{"line":758,"column":21},"end":{"line":761,"column":5}}]},"94":{"line":763,"type":"binary-expr","locations":[{"start":{"line":763,"column":11},"end":{"line":763,"column":23}},{"start":{"line":763,"column":27},"end":{"line":765,"column":5}}]},"95":{"line":770,"type":"cond-expr","locations":[{"start":{"line":771,"column":6},"end":{"line":779,"column":7}},{"start":{"line":780,"column":6},"end":{"line":780,"column":19}}]}}}}