{"/home/webreflection/code/hyperHTML/hyperhtml.js":{"path":"/home/webreflection/code/hyperHTML/hyperhtml.js","s":{"1":2,"2":2,"3":2,"4":1,"5":20,"6":14,"7":6,"8":2,"9":28,"10":32,"11":32,"12":32,"13":32,"14":2,"15":1,"16":194,"17":2,"18":2,"19":2,"20":2,"21":2,"22":1,"23":58,"24":2,"25":2,"26":2,"27":2,"28":2,"29":2,"30":2,"31":2,"32":2,"33":2,"34":2,"35":1,"36":46,"37":46,"38":34,"39":22,"40":12,"41":34,"42":1,"43":14,"44":6,"45":6,"46":2,"47":2,"48":4,"49":4,"50":6,"51":4,"52":6,"53":2,"54":2,"55":1,"56":86,"57":86,"58":24,"59":24,"60":1,"61":130,"62":130,"63":1,"64":16,"65":16,"66":2,"67":2,"68":2,"69":14,"70":14,"71":1,"72":256,"73":256,"74":140,"75":140,"76":256,"77":256,"78":1,"79":32,"80":32,"81":16,"82":32,"83":22,"84":14,"85":4,"86":14,"87":14,"88":12,"89":16,"90":12,"91":12,"92":10,"93":4,"94":4,"95":6,"96":32,"97":28,"98":28,"99":26,"100":4,"101":2,"102":2,"103":22,"104":22,"105":2,"106":2,"107":1,"108":104,"109":104,"110":104,"111":284,"112":120,"113":56,"114":50,"115":50,"116":64,"117":22,"118":8,"119":8,"120":42,"121":42,"122":42,"123":42,"124":120,"125":4,"126":2,"127":2,"128":4,"129":160,"130":6,"131":6,"132":6,"133":154,"134":154,"135":72,"136":72,"137":2,"138":2,"139":70,"140":24,"141":24,"142":10,"143":10,"144":10,"145":12,"146":10,"147":8,"148":10,"149":10,"150":34,"151":8,"152":34,"153":4,"154":4,"155":32,"156":24,"157":24,"158":16,"159":8,"160":32,"161":82,"162":22,"163":14,"164":8,"165":60,"166":4,"167":56,"168":10,"169":46,"170":4,"171":42,"172":4,"173":38,"174":28,"175":28,"176":18,"177":10,"178":10,"179":10,"180":10,"181":10,"182":4,"183":6,"184":154,"185":1,"186":102,"187":38,"188":38,"189":32,"190":1,"191":200,"192":276,"193":276,"194":102,"195":102,"196":102,"197":66,"198":64,"199":24,"200":24,"201":40,"202":66,"203":108,"204":4,"205":108,"206":2,"207":2,"208":2,"209":2,"210":2,"211":2,"212":2,"213":2,"214":2,"215":2,"216":1,"217":4,"218":1,"219":2,"220":1,"221":50,"222":70,"223":70,"224":54,"225":50,"226":1,"227":130,"228":1,"229":108,"230":108,"231":1,"232":106,"233":106,"234":106,"235":106,"236":106,"237":106,"238":50,"239":50,"240":106,"241":1,"242":1,"243":1,"244":105,"245":105,"246":56,"247":49,"248":106,"249":1,"250":2,"251":2,"252":2,"253":1,"254":1,"255":1,"256":1,"257":1,"258":1,"259":2,"260":1,"261":46,"262":1,"263":46,"264":58,"265":8,"266":8,"267":6,"268":8,"269":8,"270":12,"271":12,"272":12,"273":12,"274":12,"275":12,"276":12,"277":12,"278":2,"279":2,"280":4,"281":10,"282":10,"283":12,"284":12,"285":2,"286":10,"287":12,"288":10,"289":12,"290":38,"291":38,"292":38,"293":46,"294":1,"295":12,"296":10,"297":2,"298":1,"299":28,"300":1,"301":10,"302":10,"303":2,"304":8,"305":2,"306":6,"307":2,"308":4,"309":1,"310":10,"311":10,"312":8,"313":1,"314":82,"315":1,"316":94,"317":1,"318":68,"319":68,"320":1,"321":140,"322":16,"323":1,"324":14,"325":14,"326":4,"327":4,"328":1,"329":136,"330":136,"331":52,"332":52,"333":32,"334":32,"335":52,"336":52,"337":136,"338":1,"339":16,"340":16,"341":12,"342":12,"343":12,"344":12,"345":12,"346":12,"347":12,"348":1,"349":100,"350":2,"351":2,"352":151,"353":82,"354":2,"355":1,"356":1,"357":70,"358":49,"359":2,"360":1,"361":1,"362":1,"363":94,"364":2,"365":37,"366":2,"367":2,"368":2,"369":1,"370":1,"371":183,"372":183,"373":2,"374":68,"375":18,"376":26,"377":2,"378":123,"379":321,"380":321,"381":181,"382":123,"383":72,"384":2,"385":72,"386":93,"387":93,"388":51,"389":51,"390":42,"391":42,"392":72,"393":72,"394":93,"395":72,"396":2,"397":2,"398":2,"399":2,"400":26,"401":16,"402":16,"403":2,"404":32,"405":2,"406":7,"407":8,"408":6,"409":1,"410":7,"411":2,"412":6,"413":6,"414":4,"415":2,"416":6,"417":2,"418":2,"419":2,"420":2,"421":2,"422":2,"423":2,"424":2,"425":178,"426":124,"427":178,"428":54,"429":1,"430":98,"431":98,"432":98,"433":98,"434":98,"435":98,"436":1,"437":100,"438":100,"439":100,"440":28,"441":28,"442":40,"443":40,"444":40,"445":32,"446":32,"447":32,"448":100,"449":72,"450":100,"451":1,"452":108,"453":90,"454":90,"455":90,"456":8,"457":8,"458":90,"459":108,"460":108,"461":1,"462":32,"463":46,"464":46,"465":46,"466":32,"467":32,"468":1,"469":256,"470":264,"471":1,"472":140,"473":70,"474":140,"475":140,"476":140,"477":108,"478":108,"479":108,"480":32,"481":140,"482":1,"483":48,"484":1,"485":48,"486":48,"487":48,"488":1,"489":72,"490":50,"491":50,"492":6,"493":50,"494":72,"495":48,"496":14,"497":14,"498":7,"499":14,"500":10,"501":10,"502":10,"503":14,"504":10,"505":2,"506":2,"507":2,"508":8,"509":2,"510":8,"511":14,"512":14,"513":14,"514":58,"515":29,"516":58,"517":40,"518":40,"519":40,"520":58,"521":58,"522":1,"523":46,"524":46,"525":46,"526":46,"527":12,"528":12,"529":46,"530":24,"531":24,"532":46,"533":2,"534":2,"535":2},"b":{"1":[2,14,6],"2":[2,12],"3":[2,10],"4":[2,8],"5":[4,4],"6":[2,4],"7":[10,48],"8":[6,42],"9":[6,2],"10":[42,16],"11":[22,12],"12":[34,28],"13":[14,20],"14":[6,6,2],"15":[2,4],"16":[4,2],"17":[2,14],"18":[140,116],"19":[256,154],"20":[77,77],"21":[32,16],"22":[16,16],"23":[10,22],"24":[32,22],"25":[16,16],"26":[10,22],"27":[14,8],"28":[4,10],"29":[12,2],"30":[6,16],"31":[12,4],"32":[10,2],"33":[4,6],"34":[28,4],"35":[26,2],"36":[4,22],"37":[2,2],"38":[2,20],"39":[106,118,120,4,156,160,154],"40":[56,64],"41":[50,6],"42":[22,42],"43":[64,24],"44":[8,14],"45":[2,2],"46":[6,154],"47":[72,82],"48":[2,70],"49":[72,4],"50":[16,24,24,10,34,32],"51":[8,2],"52":[8,2],"53":[8,2],"54":[8,26],"55":[4,30],"56":[24,8],"57":[16,8],"58":[22,60],"59":[14,8],"60":[2,6],"61":[4,56],"62":[10,46],"63":[4,42],"64":[4,38],"65":[28,10],"66":[18,10],"67":[4,6],"68":[32,6],"69":[16,16],"70":[102,66,108],"71":[64,2],"72":[24,40],"73":[64,50,18],"74":[4,104],"75":[108,4],"76":[2,1,1],"77":[54,16],"78":[70,30],"79":[42,8],"80":[2,106],"81":[50,56],"82":[1,105],"83":[56,49],"84":[1,1],"85":[2,1],"86":[8,12,38],"87":[6,2],"88":[8,4],"89":[10,2],"90":[2,4,10],"91":[2,10],"92":[10,2],"93":[38,8],"94":[10,2],"95":[2,8],"96":[2,6],"97":[2,4],"98":[8,2],"99":[94,94],"100":[92,64,40],"101":[4,10],"102":[14,10],"103":[52,32,52],"104":[12,4],"105":[1,1],"106":[1,1],"107":[2,1],"108":[2,1],"109":[1,1],"110":[183,49],"111":[1,1],"112":[1,1],"113":[2,1],"114":[181,140],"115":[1,1],"116":[2,1],"117":[51,42],"118":[13,13],"119":[32,6],"120":[32,6],"121":[1,1],"122":[6,2],"123":[1,1],"124":[4,2],"125":[1,1],"126":[26,28,40,16,32],"127":[8,82],"128":[70,70],"129":[140,98],"130":[108,32],"131":[6,42],"132":[50,22],"133":[6,44],"134":[8,40],"135":[7,7],"136":[10,4],"137":[10,4],"138":[2,8],"139":[2,6],"140":[29,29],"141":[40,18],"142":[12,34],"143":[12,12],"144":[24,22],"145":[46,26]},"f":{"1":2,"2":20,"3":28,"4":32,"5":194,"6":2,"7":2,"8":58,"9":46,"10":14,"11":86,"12":130,"13":16,"14":256,"15":32,"16":22,"17":16,"18":32,"19":104,"20":284,"21":102,"22":200,"23":2,"24":4,"25":2,"26":50,"27":130,"28":108,"29":106,"30":2,"31":46,"32":46,"33":12,"34":28,"35":10,"36":10,"37":82,"38":94,"39":68,"40":140,"41":14,"42":136,"43":16,"44":100,"45":2,"46":151,"47":82,"48":1,"49":70,"50":49,"51":1,"52":94,"53":37,"54":183,"55":68,"56":18,"57":123,"58":72,"59":72,"60":72,"61":26,"62":16,"63":32,"64":7,"65":7,"66":6,"67":6,"68":2,"69":178,"70":54,"71":98,"72":100,"73":108,"74":32,"75":256,"76":140,"77":48,"78":48,"79":72,"80":14,"81":14,"82":58,"83":46},"fnMap":{"1":{"name":"(anonymous_1)","line":1,"loc":{"start":{"line":1,"column":17},"end":{"line":1,"column":43}}},"2":{"name":"hyper","line":16,"loc":{"start":{"line":16,"column":2},"end":{"line":16,"column":23}}},"3":{"name":"adopt","line":40,"loc":{"start":{"line":40,"column":16},"end":{"line":40,"column":37}}},"4":{"name":"(anonymous_4)","line":41,"loc":{"start":{"line":41,"column":11},"end":{"line":41,"column":23}}},"5":{"name":"bind","line":52,"loc":{"start":{"line":52,"column":2},"end":{"line":52,"column":25}}},"6":{"name":"define","line":55,"loc":{"start":{"line":55,"column":17},"end":{"line":55,"column":56}}},"7":{"name":"escape","line":60,"loc":{"start":{"line":60,"column":17},"end":{"line":60,"column":39}}},"8":{"name":"wire","line":66,"loc":{"start":{"line":66,"column":2},"end":{"line":66,"column":27}}},"9":{"name":"indexOfDifferences","line":105,"loc":{"start":{"line":105,"column":2},"end":{"line":105,"column":36}}},"10":{"name":"populateNode","line":121,"loc":{"start":{"line":121,"column":2},"end":{"line":121,"column":39}}},"11":{"name":"removeNodeList","line":143,"loc":{"start":{"line":143,"column":2},"end":{"line":143,"column":44}}},"12":{"name":"resetAndPopulate","line":152,"loc":{"start":{"line":152,"column":2},"end":{"line":152,"column":43}}},"13":{"name":"updateViaArray","line":158,"loc":{"start":{"line":158,"column":2},"end":{"line":158,"column":47}}},"14":{"name":"render","line":175,"loc":{"start":{"line":175,"column":2},"end":{"line":175,"column":28}}},"15":{"name":"setAttribute","line":192,"loc":{"start":{"line":192,"column":2},"end":{"line":192,"column":53}}},"16":{"name":"eventAttr","line":208,"loc":{"start":{"line":208,"column":6},"end":{"line":208,"column":35}}},"17":{"name":"specialAttr","line":216,"loc":{"start":{"line":216,"column":8},"end":{"line":216,"column":39}}},"18":{"name":"normalAttr","line":236,"loc":{"start":{"line":236,"column":8},"end":{"line":236,"column":38}}},"19":{"name":"setVirtualContent","line":263,"loc":{"start":{"line":263,"column":2},"end":{"line":263,"column":47}}},"20":{"name":"anyVirtual","line":266,"loc":{"start":{"line":266,"column":11},"end":{"line":266,"column":38}}},"21":{"name":"attributesSeeker","line":390,"loc":{"start":{"line":390,"column":2},"end":{"line":390,"column":41}}},"22":{"name":"hyperSeeker","line":415,"loc":{"start":{"line":415,"column":2},"end":{"line":415,"column":36}}},"23":{"name":"(anonymous_23)","line":467,"loc":{"start":{"line":467,"column":13},"end":{"line":467,"column":25}}},"24":{"name":"fnEscape","line":493,"loc":{"start":{"line":493,"column":2},"end":{"line":493,"column":23}}},"25":{"name":"asHTML","line":498,"loc":{"start":{"line":498,"column":2},"end":{"line":498,"column":24}}},"26":{"name":"createContent","line":503,"loc":{"start":{"line":503,"column":2},"end":{"line":503,"column":31}}},"27":{"name":"createDocumentFragment","line":524,"loc":{"start":{"line":524,"column":2},"end":{"line":524,"column":44}}},"28":{"name":"createFragment","line":530,"loc":{"start":{"line":530,"column":2},"end":{"line":530,"column":38}}},"29":{"name":"createHTMLFragment","line":540,"loc":{"start":{"line":540,"column":2},"end":{"line":540,"column":42}}},"30":{"name":"createSVGFragment","line":576,"loc":{"start":{"line":576,"column":2},"end":{"line":576,"column":41}}},"31":{"name":"createText","line":592,"loc":{"start":{"line":592,"column":2},"end":{"line":592,"column":34}}},"32":{"name":"discoverNode","line":598,"loc":{"start":{"line":598,"column":2},"end":{"line":598,"column":63}}},"33":{"name":"insertBefore","line":676,"loc":{"start":{"line":676,"column":2},"end":{"line":676,"column":51}}},"34":{"name":"emptyFragment","line":685,"loc":{"start":{"line":685,"column":2},"end":{"line":685,"column":31}}},"35":{"name":"invokeAtDistance","line":690,"loc":{"start":{"line":690,"column":2},"end":{"line":690,"column":45}}},"36":{"name":"invokeTransformer","line":704,"loc":{"start":{"line":704,"column":2},"end":{"line":704,"column":37}}},"37":{"name":"isNode_ish","line":713,"loc":{"start":{"line":713,"column":2},"end":{"line":713,"column":29}}},"38":{"name":"isPromise_ish","line":718,"loc":{"start":{"line":718,"column":2},"end":{"line":718,"column":32}}},"39":{"name":"noContent","line":724,"loc":{"start":{"line":724,"column":2},"end":{"line":724,"column":38}}},"40":{"name":"removeAttributeList","line":734,"loc":{"start":{"line":734,"column":2},"end":{"line":734,"column":37}}},"41":{"name":"removePreviousText","line":741,"loc":{"start":{"line":741,"column":2},"end":{"line":741,"column":48}}},"42":{"name":"setContent","line":750,"loc":{"start":{"line":750,"column":2},"end":{"line":750,"column":66}}},"43":{"name":"updateVirtualNodes","line":768,"loc":{"start":{"line":768,"column":2},"end":{"line":768,"column":55}}},"44":{"name":"Path","line":782,"loc":{"start":{"line":782,"column":2},"end":{"line":782,"column":28}}},"45":{"name":"(anonymous_45)","line":792,"loc":{"start":{"line":792,"column":6},"end":{"line":792,"column":18}}},"46":{"name":"(anonymous_46)","line":794,"loc":{"start":{"line":794,"column":15},"end":{"line":794,"column":30}}},"47":{"name":"(anonymous_47)","line":795,"loc":{"start":{"line":795,"column":15},"end":{"line":795,"column":37}}},"48":{"name":"(anonymous_48)","line":807,"loc":{"start":{"line":807,"column":6},"end":{"line":807,"column":18}}},"49":{"name":"(anonymous_49)","line":810,"loc":{"start":{"line":810,"column":15},"end":{"line":810,"column":30}}},"50":{"name":"(anonymous_50)","line":816,"loc":{"start":{"line":816,"column":15},"end":{"line":816,"column":37}}},"51":{"name":"(anonymous_51)","line":827,"loc":{"start":{"line":827,"column":17},"end":{"line":827,"column":29}}},"52":{"name":"(anonymous_52)","line":832,"loc":{"start":{"line":832,"column":25},"end":{"line":832,"column":38}}},"53":{"name":"(anonymous_53)","line":839,"loc":{"start":{"line":839,"column":14},"end":{"line":839,"column":26}}},"54":{"name":"(anonymous_54)","line":852,"loc":{"start":{"line":852,"column":13},"end":{"line":852,"column":33}}},"55":{"name":"(anonymous_55)","line":861,"loc":{"start":{"line":861,"column":6},"end":{"line":861,"column":34}}},"56":{"name":"appendNodes","line":864,"loc":{"start":{"line":864,"column":6},"end":{"line":864,"column":45}}},"57":{"name":"(anonymous_57)","line":876,"loc":{"start":{"line":876,"column":6},"end":{"line":876,"column":22}}},"58":{"name":"(anonymous_58)","line":890,"loc":{"start":{"line":890,"column":6},"end":{"line":890,"column":22}}},"59":{"name":"(anonymous_59)","line":895,"loc":{"start":{"line":895,"column":6},"end":{"line":895,"column":34}}},"60":{"name":"(anonymous_60)","line":909,"loc":{"start":{"line":909,"column":6},"end":{"line":909,"column":34}}},"61":{"name":"(anonymous_61)","line":920,"loc":{"start":{"line":920,"column":17},"end":{"line":920,"column":43}}},"62":{"name":"(anonymous_62)","line":924,"loc":{"start":{"line":924,"column":8},"end":{"line":924,"column":30}}},"63":{"name":"(anonymous_63)","line":932,"loc":{"start":{"line":932,"column":26},"end":{"line":932,"column":48}}},"64":{"name":"(anonymous_64)","line":938,"loc":{"start":{"line":938,"column":4},"end":{"line":938,"column":20}}},"65":{"name":"(anonymous_65)","line":944,"loc":{"start":{"line":944,"column":4},"end":{"line":944,"column":20}}},"66":{"name":"(anonymous_66)","line":947,"loc":{"start":{"line":947,"column":4},"end":{"line":947,"column":20}}},"67":{"name":"(anonymous_67)","line":953,"loc":{"start":{"line":953,"column":4},"end":{"line":953,"column":20}}},"68":{"name":"(anonymous_68)","line":969,"loc":{"start":{"line":969,"column":19},"end":{"line":969,"column":31}}},"69":{"name":"(anonymous_69)","line":973,"loc":{"start":{"line":973,"column":6},"end":{"line":973,"column":22}}},"70":{"name":"(anonymous_70)","line":984,"loc":{"start":{"line":984,"column":6},"end":{"line":984,"column":26}}},"71":{"name":"createTemplate","line":995,"loc":{"start":{"line":995,"column":2},"end":{"line":995,"column":36}}},"72":{"name":"createPath","line":1007,"loc":{"start":{"line":1007,"column":2},"end":{"line":1007,"column":28}}},"73":{"name":"createUpdates","line":1041,"loc":{"start":{"line":1041,"column":2},"end":{"line":1041,"column":42}}},"74":{"name":"discoverUpdates","line":1062,"loc":{"start":{"line":1062,"column":2},"end":{"line":1062,"column":44}}},"75":{"name":"update","line":1084,"loc":{"start":{"line":1084,"column":2},"end":{"line":1084,"column":20}}},"76":{"name":"upgrade","line":1092,"loc":{"start":{"line":1092,"column":2},"end":{"line":1092,"column":29}}},"77":{"name":"wireContent","line":1112,"loc":{"start":{"line":1112,"column":2},"end":{"line":1112,"column":29}}},"78":{"name":"before","line":1115,"loc":{"start":{"line":1115,"column":4},"end":{"line":1115,"column":30}}},"79":{"name":"after","line":1123,"loc":{"start":{"line":1123,"column":4},"end":{"line":1123,"column":21}}},"80":{"name":"adopt","line":1135,"loc":{"start":{"line":1135,"column":6},"end":{"line":1135,"column":30}}},"81":{"name":"(anonymous_81)","line":1141,"loc":{"start":{"line":1141,"column":20},"end":{"line":1141,"column":55}}},"82":{"name":"update","line":1162,"loc":{"start":{"line":1162,"column":6},"end":{"line":1162,"column":31}}},"83":{"name":"wireWeakly","line":1175,"loc":{"start":{"line":1175,"column":2},"end":{"line":1175,"column":33}}}},"statementMap":{"1":{"start":{"line":1,"column":0},"end":{"line":1195,"column":13}},"2":{"start":{"line":11,"column":2},"end":{"line":11,"column":34}},"3":{"start":{"line":14,"column":2},"end":{"line":14,"column":22}},"4":{"start":{"line":16,"column":2},"end":{"line":35,"column":3}},"5":{"start":{"line":17,"column":4},"end":{"line":34,"column":5}},"6":{"start":{"line":19,"column":16},"end":{"line":30,"column":20}},"7":{"start":{"line":31,"column":16},"end":{"line":33,"column":41}},"8":{"start":{"line":40,"column":2},"end":{"line":47,"column":4}},"9":{"start":{"line":41,"column":4},"end":{"line":46,"column":6}},"10":{"start":{"line":42,"column":6},"end":{"line":42,"column":26}},"11":{"start":{"line":43,"column":6},"end":{"line":43,"column":36}},"12":{"start":{"line":44,"column":6},"end":{"line":44,"column":25}},"13":{"start":{"line":45,"column":6},"end":{"line":45,"column":18}},"14":{"start":{"line":51,"column":2},"end":{"line":51,"column":20}},"15":{"start":{"line":52,"column":2},"end":{"line":52,"column":57}},"16":{"start":{"line":52,"column":27},"end":{"line":52,"column":55}},"17":{"start":{"line":55,"column":2},"end":{"line":57,"column":4}},"18":{"start":{"line":56,"column":4},"end":{"line":56,"column":41}},"19":{"start":{"line":60,"column":2},"end":{"line":62,"column":4}},"20":{"start":{"line":61,"column":4},"end":{"line":61,"column":44}},"21":{"start":{"line":65,"column":2},"end":{"line":65,"column":20}},"22":{"start":{"line":66,"column":2},"end":{"line":73,"column":3}},"23":{"start":{"line":67,"column":4},"end":{"line":72,"column":8}},"24":{"start":{"line":84,"column":2},"end":{"line":84,"column":23}},"25":{"start":{"line":85,"column":2},"end":{"line":85,"column":25}},"26":{"start":{"line":86,"column":2},"end":{"line":86,"column":20}},"27":{"start":{"line":87,"column":2},"end":{"line":87,"column":23}},"28":{"start":{"line":88,"column":2},"end":{"line":88,"column":34}},"29":{"start":{"line":91,"column":2},"end":{"line":91,"column":44}},"30":{"start":{"line":92,"column":2},"end":{"line":92,"column":51}},"31":{"start":{"line":94,"column":2},"end":{"line":94,"column":40}},"32":{"start":{"line":95,"column":2},"end":{"line":95,"column":32}},"33":{"start":{"line":96,"column":2},"end":{"line":96,"column":61}},"34":{"start":{"line":97,"column":2},"end":{"line":97,"column":34}},"35":{"start":{"line":105,"column":2},"end":{"line":116,"column":3}},"36":{"start":{"line":106,"column":4},"end":{"line":110,"column":5}},"37":{"start":{"line":111,"column":4},"end":{"line":114,"column":5}},"38":{"start":{"line":112,"column":6},"end":{"line":113,"column":20}},"39":{"start":{"line":112,"column":40},"end":{"line":112,"column":44}},"40":{"start":{"line":113,"column":11},"end":{"line":113,"column":20}},"41":{"start":{"line":115,"column":4},"end":{"line":115,"column":34}},"42":{"start":{"line":121,"column":2},"end":{"line":140,"column":3}},"43":{"start":{"line":122,"column":4},"end":{"line":139,"column":5}},"44":{"start":{"line":124,"column":8},"end":{"line":124,"column":43}},"45":{"start":{"line":125,"column":8},"end":{"line":128,"column":9}},"46":{"start":{"line":126,"column":10},"end":{"line":126,"column":40}},"47":{"start":{"line":127,"column":10},"end":{"line":127,"column":16}},"48":{"start":{"line":129,"column":8},"end":{"line":129,"column":40}},"49":{"start":{"line":130,"column":8},"end":{"line":130,"column":14}},"50":{"start":{"line":132,"column":8},"end":{"line":134,"column":9}},"51":{"start":{"line":133,"column":10},"end":{"line":133,"column":42}},"52":{"start":{"line":135,"column":8},"end":{"line":135,"column":14}},"53":{"start":{"line":137,"column":8},"end":{"line":137,"column":47}},"54":{"start":{"line":138,"column":8},"end":{"line":138,"column":14}},"55":{"start":{"line":143,"column":2},"end":{"line":149,"column":3}},"56":{"start":{"line":144,"column":4},"end":{"line":144,"column":36}},"57":{"start":{"line":145,"column":4},"end":{"line":148,"column":5}},"58":{"start":{"line":146,"column":6},"end":{"line":146,"column":27}},"59":{"start":{"line":147,"column":6},"end":{"line":147,"column":42}},"60":{"start":{"line":152,"column":2},"end":{"line":155,"column":3}},"61":{"start":{"line":153,"column":4},"end":{"line":153,"column":28}},"62":{"start":{"line":154,"column":4},"end":{"line":154,"column":30}},"63":{"start":{"line":158,"column":2},"end":{"line":168,"column":3}},"64":{"start":{"line":159,"column":4},"end":{"line":159,"column":39}},"65":{"start":{"line":160,"column":4},"end":{"line":167,"column":5}},"66":{"start":{"line":161,"column":6},"end":{"line":161,"column":41}},"67":{"start":{"line":162,"column":6},"end":{"line":162,"column":49}},"68":{"start":{"line":163,"column":6},"end":{"line":163,"column":33}},"69":{"start":{"line":165,"column":6},"end":{"line":165,"column":40}},"70":{"start":{"line":166,"column":6},"end":{"line":166,"column":39}},"71":{"start":{"line":175,"column":2},"end":{"line":186,"column":3}},"72":{"start":{"line":176,"column":4},"end":{"line":176,"column":33}},"73":{"start":{"line":177,"column":4},"end":{"line":183,"column":5}},"74":{"start":{"line":181,"column":6},"end":{"line":181,"column":45}},"75":{"start":{"line":182,"column":6},"end":{"line":182,"column":30}},"76":{"start":{"line":184,"column":4},"end":{"line":184,"column":43}},"77":{"start":{"line":185,"column":4},"end":{"line":185,"column":16}},"78":{"start":{"line":192,"column":2},"end":{"line":259,"column":3}},"79":{"start":{"line":193,"column":4},"end":{"line":205,"column":5}},"80":{"start":{"line":206,"column":4},"end":{"line":206,"column":51}},"81":{"start":{"line":206,"column":17},"end":{"line":206,"column":51}},"82":{"start":{"line":207,"column":4},"end":{"line":258,"column":8}},"83":{"start":{"line":209,"column":8},"end":{"line":213,"column":9}},"84":{"start":{"line":210,"column":10},"end":{"line":210,"column":72}},"85":{"start":{"line":210,"column":24},"end":{"line":210,"column":72}},"86":{"start":{"line":211,"column":10},"end":{"line":211,"column":30}},"87":{"start":{"line":212,"column":10},"end":{"line":212,"column":69}},"88":{"start":{"line":212,"column":24},"end":{"line":212,"column":69}},"89":{"start":{"line":217,"column":10},"end":{"line":234,"column":11}},"90":{"start":{"line":218,"column":12},"end":{"line":218,"column":32}},"91":{"start":{"line":221,"column":12},"end":{"line":233,"column":13}},"92":{"start":{"line":225,"column":14},"end":{"line":232,"column":15}},"93":{"start":{"line":228,"column":16},"end":{"line":228,"column":34}},"94":{"start":{"line":229,"column":16},"end":{"line":229,"column":43}},"95":{"start":{"line":231,"column":16},"end":{"line":231,"column":38}},"96":{"start":{"line":237,"column":10},"end":{"line":256,"column":11}},"97":{"start":{"line":238,"column":12},"end":{"line":238,"column":32}},"98":{"start":{"line":241,"column":12},"end":{"line":255,"column":13}},"99":{"start":{"line":242,"column":14},"end":{"line":254,"column":15}},"100":{"start":{"line":243,"column":16},"end":{"line":247,"column":17}},"101":{"start":{"line":245,"column":18},"end":{"line":245,"column":33}},"102":{"start":{"line":246,"column":18},"end":{"line":246,"column":54}},"103":{"start":{"line":249,"column":16},"end":{"line":249,"column":43}},"104":{"start":{"line":250,"column":16},"end":{"line":253,"column":17}},"105":{"start":{"line":251,"column":18},"end":{"line":251,"column":34}},"106":{"start":{"line":252,"column":18},"end":{"line":252,"column":51}},"107":{"start":{"line":263,"column":2},"end":{"line":383,"column":3}},"108":{"start":{"line":264,"column":4},"end":{"line":264,"column":17}},"109":{"start":{"line":265,"column":4},"end":{"line":265,"column":34}},"110":{"start":{"line":266,"column":4},"end":{"line":382,"column":6}},"111":{"start":{"line":267,"column":6},"end":{"line":381,"column":7}},"112":{"start":{"line":271,"column":10},"end":{"line":289,"column":11}},"113":{"start":{"line":272,"column":12},"end":{"line":275,"column":13}},"114":{"start":{"line":273,"column":14},"end":{"line":273,"column":31}},"115":{"start":{"line":274,"column":14},"end":{"line":274,"column":39}},"116":{"start":{"line":276,"column":17},"end":{"line":289,"column":11}},"117":{"start":{"line":280,"column":12},"end":{"line":283,"column":13}},"118":{"start":{"line":281,"column":14},"end":{"line":281,"column":31}},"119":{"start":{"line":282,"column":14},"end":{"line":282,"column":48}},"120":{"start":{"line":285,"column":12},"end":{"line":285,"column":29}},"121":{"start":{"line":286,"column":12},"end":{"line":286,"column":42}},"122":{"start":{"line":287,"column":12},"end":{"line":287,"column":51}},"123":{"start":{"line":288,"column":12},"end":{"line":288,"column":62}},"124":{"start":{"line":290,"column":10},"end":{"line":290,"column":16}},"125":{"start":{"line":292,"column":10},"end":{"line":296,"column":11}},"126":{"start":{"line":293,"column":12},"end":{"line":293,"column":58}},"127":{"start":{"line":295,"column":12},"end":{"line":295,"column":62}},"128":{"start":{"line":297,"column":10},"end":{"line":297,"column":16}},"129":{"start":{"line":300,"column":10},"end":{"line":304,"column":11}},"130":{"start":{"line":301,"column":12},"end":{"line":301,"column":29}},"131":{"start":{"line":302,"column":12},"end":{"line":302,"column":27}},"132":{"start":{"line":303,"column":12},"end":{"line":303,"column":18}},"133":{"start":{"line":306,"column":10},"end":{"line":306,"column":27}},"134":{"start":{"line":307,"column":10},"end":{"line":379,"column":11}},"135":{"start":{"line":308,"column":12},"end":{"line":308,"column":38}},"136":{"start":{"line":309,"column":12},"end":{"line":346,"column":13}},"137":{"start":{"line":310,"column":14},"end":{"line":310,"column":44}},"138":{"start":{"line":311,"column":14},"end":{"line":311,"column":30}},"139":{"start":{"line":313,"column":14},"end":{"line":345,"column":15}},"140":{"start":{"line":317,"column":18},"end":{"line":317,"column":44}},"141":{"start":{"line":318,"column":18},"end":{"line":318,"column":24}},"142":{"start":{"line":320,"column":18},"end":{"line":320,"column":72}},"143":{"start":{"line":321,"column":18},"end":{"line":322,"column":65}},"144":{"start":{"line":323,"column":18},"end":{"line":325,"column":19}},"145":{"start":{"line":324,"column":20},"end":{"line":324,"column":65}},"146":{"start":{"line":326,"column":18},"end":{"line":326,"column":63}},"147":{"start":{"line":326,"column":35},"end":{"line":326,"column":63}},"148":{"start":{"line":327,"column":18},"end":{"line":327,"column":60}},"149":{"start":{"line":328,"column":18},"end":{"line":328,"column":24}},"150":{"start":{"line":330,"column":18},"end":{"line":332,"column":19}},"151":{"start":{"line":331,"column":20},"end":{"line":331,"column":58}},"152":{"start":{"line":333,"column":18},"end":{"line":336,"column":19}},"153":{"start":{"line":334,"column":20},"end":{"line":334,"column":56}},"154":{"start":{"line":335,"column":20},"end":{"line":335,"column":26}},"155":{"start":{"line":338,"column":18},"end":{"line":343,"column":19}},"156":{"start":{"line":339,"column":20},"end":{"line":339,"column":71}},"157":{"start":{"line":340,"column":20},"end":{"line":340,"column":65}},"158":{"start":{"line":340,"column":34},"end":{"line":340,"column":65}},"159":{"start":{"line":342,"column":20},"end":{"line":342,"column":64}},"160":{"start":{"line":344,"column":18},"end":{"line":344,"column":24}},"161":{"start":{"line":347,"column":17},"end":{"line":379,"column":11}},"162":{"start":{"line":348,"column":12},"end":{"line":355,"column":14}},"163":{"start":{"line":348,"column":29},"end":{"line":348,"column":55}},"164":{"start":{"line":349,"column":17},"end":{"line":355,"column":14}},"165":{"start":{"line":356,"column":17},"end":{"line":379,"column":11}},"166":{"start":{"line":357,"column":12},"end":{"line":357,"column":35}},"167":{"start":{"line":358,"column":17},"end":{"line":379,"column":11}},"168":{"start":{"line":359,"column":12},"end":{"line":359,"column":48}},"169":{"start":{"line":360,"column":17},"end":{"line":379,"column":11}},"170":{"start":{"line":361,"column":12},"end":{"line":361,"column":43}},"171":{"start":{"line":362,"column":17},"end":{"line":379,"column":11}},"172":{"start":{"line":363,"column":12},"end":{"line":363,"column":34}},"173":{"start":{"line":364,"column":17},"end":{"line":379,"column":11}},"174":{"start":{"line":365,"column":12},"end":{"line":365,"column":54}},"175":{"start":{"line":368,"column":12},"end":{"line":374,"column":13}},"176":{"start":{"line":368,"column":29},"end":{"line":368,"column":51}},"177":{"start":{"line":370,"column":14},"end":{"line":370,"column":44}},"178":{"start":{"line":371,"column":14},"end":{"line":371,"column":56}},"179":{"start":{"line":372,"column":14},"end":{"line":372,"column":59}},"180":{"start":{"line":373,"column":14},"end":{"line":373,"column":59}},"181":{"start":{"line":375,"column":17},"end":{"line":379,"column":11}},"182":{"start":{"line":376,"column":12},"end":{"line":376,"column":42}},"183":{"start":{"line":378,"column":12},"end":{"line":378,"column":49}},"184":{"start":{"line":380,"column":10},"end":{"line":380,"column":16}},"185":{"start":{"line":390,"column":2},"end":{"line":412,"column":3}},"186":{"start":{"line":391,"column":4},"end":{"line":411,"column":5}},"187":{"start":{"line":398,"column":6},"end":{"line":398,"column":32}},"188":{"start":{"line":399,"column":6},"end":{"line":410,"column":7}},"189":{"start":{"line":400,"column":8},"end":{"line":409,"column":10}},"190":{"start":{"line":415,"column":2},"end":{"line":451,"column":3}},"191":{"start":{"line":416,"column":4},"end":{"line":450,"column":5}},"192":{"start":{"line":422,"column":6},"end":{"line":422,"column":28}},"193":{"start":{"line":423,"column":6},"end":{"line":449,"column":7}},"194":{"start":{"line":425,"column":10},"end":{"line":425,"column":41}},"195":{"start":{"line":426,"column":10},"end":{"line":426,"column":36}},"196":{"start":{"line":427,"column":10},"end":{"line":427,"column":16}},"197":{"start":{"line":429,"column":10},"end":{"line":439,"column":11}},"198":{"start":{"line":430,"column":12},"end":{"line":438,"column":13}},"199":{"start":{"line":434,"column":14},"end":{"line":434,"column":44}},"200":{"start":{"line":435,"column":14},"end":{"line":435,"column":25}},"201":{"start":{"line":437,"column":14},"end":{"line":437,"column":49}},"202":{"start":{"line":440,"column":10},"end":{"line":440,"column":16}},"203":{"start":{"line":442,"column":10},"end":{"line":447,"column":11}},"204":{"start":{"line":446,"column":12},"end":{"line":446,"column":42}},"205":{"start":{"line":448,"column":10},"end":{"line":448,"column":16}},"206":{"start":{"line":456,"column":2},"end":{"line":456,"column":63}},"207":{"start":{"line":461,"column":2},"end":{"line":463,"column":39}},"208":{"start":{"line":467,"column":2},"end":{"line":471,"column":17}},"209":{"start":{"line":468,"column":14},"end":{"line":468,"column":57}},"210":{"start":{"line":469,"column":14},"end":{"line":469,"column":57}},"211":{"start":{"line":470,"column":14},"end":{"line":470,"column":68}},"212":{"start":{"line":475,"column":2},"end":{"line":475,"column":44}},"213":{"start":{"line":482,"column":2},"end":{"line":482,"column":23}},"214":{"start":{"line":485,"column":2},"end":{"line":485,"column":28}},"215":{"start":{"line":486,"column":2},"end":{"line":492,"column":4}},"216":{"start":{"line":493,"column":2},"end":{"line":495,"column":3}},"217":{"start":{"line":494,"column":4},"end":{"line":494,"column":22}},"218":{"start":{"line":498,"column":2},"end":{"line":500,"column":3}},"219":{"start":{"line":499,"column":4},"end":{"line":499,"column":24}},"220":{"start":{"line":503,"column":2},"end":{"line":521,"column":3}},"221":{"start":{"line":504,"column":4},"end":{"line":519,"column":5}},"222":{"start":{"line":512,"column":6},"end":{"line":512,"column":28}},"223":{"start":{"line":513,"column":6},"end":{"line":518,"column":7}},"224":{"start":{"line":517,"column":8},"end":{"line":517,"column":28}},"225":{"start":{"line":520,"column":4},"end":{"line":520,"column":55}},"226":{"start":{"line":524,"column":2},"end":{"line":526,"column":3}},"227":{"start":{"line":525,"column":4},"end":{"line":525,"column":45}},"228":{"start":{"line":530,"column":2},"end":{"line":537,"column":3}},"229":{"start":{"line":531,"column":4},"end":{"line":531,"column":22}},"230":{"start":{"line":532,"column":4},"end":{"line":536,"column":40}},"231":{"start":{"line":540,"column":2},"end":{"line":573,"column":3}},"232":{"start":{"line":541,"column":4},"end":{"line":541,"column":17}},"233":{"start":{"line":542,"column":4},"end":{"line":542,"column":38}},"234":{"start":{"line":543,"column":4},"end":{"line":543,"column":55}},"235":{"start":{"line":544,"column":4},"end":{"line":544,"column":44}},"236":{"start":{"line":545,"column":4},"end":{"line":545,"column":31}},"237":{"start":{"line":546,"column":4},"end":{"line":556,"column":5}},"238":{"start":{"line":548,"column":6},"end":{"line":548,"column":50}},"239":{"start":{"line":555,"column":6},"end":{"line":555,"column":74}},"240":{"start":{"line":557,"column":4},"end":{"line":571,"column":5}},"241":{"start":{"line":561,"column":6},"end":{"line":561,"column":31}},"242":{"start":{"line":562,"column":6},"end":{"line":562,"column":58}},"243":{"start":{"line":563,"column":6},"end":{"line":563,"column":78}},"244":{"start":{"line":565,"column":6},"end":{"line":565,"column":33}},"245":{"start":{"line":566,"column":6},"end":{"line":570,"column":7}},"246":{"start":{"line":567,"column":8},"end":{"line":567,"column":37}},"247":{"start":{"line":569,"column":8},"end":{"line":569,"column":64}},"248":{"start":{"line":572,"column":4},"end":{"line":572,"column":20}},"249":{"start":{"line":576,"column":2},"end":{"line":589,"column":3}},"250":{"start":{"line":577,"column":4},"end":{"line":577,"column":38}},"251":{"start":{"line":578,"column":4},"end":{"line":578,"column":52}},"252":{"start":{"line":579,"column":4},"end":{"line":587,"column":5}},"253":{"start":{"line":580,"column":6},"end":{"line":580,"column":52}},"254":{"start":{"line":581,"column":6},"end":{"line":581,"column":84}},"255":{"start":{"line":582,"column":6},"end":{"line":582,"column":73}},"256":{"start":{"line":584,"column":6},"end":{"line":584,"column":69}},"257":{"start":{"line":585,"column":6},"end":{"line":585,"column":33}},"258":{"start":{"line":586,"column":6},"end":{"line":586,"column":62}},"259":{"start":{"line":588,"column":4},"end":{"line":588,"column":20}},"260":{"start":{"line":592,"column":2},"end":{"line":594,"column":3}},"261":{"start":{"line":593,"column":4},"end":{"line":593,"column":51}},"262":{"start":{"line":598,"column":2},"end":{"line":674,"column":3}},"263":{"start":{"line":599,"column":4},"end":{"line":672,"column":5}},"264":{"start":{"line":608,"column":6},"end":{"line":671,"column":7}},"265":{"start":{"line":610,"column":10},"end":{"line":610,"column":38}},"266":{"start":{"line":611,"column":10},"end":{"line":613,"column":11}},"267":{"start":{"line":612,"column":12},"end":{"line":612,"column":46}},"268":{"start":{"line":614,"column":10},"end":{"line":614,"column":47}},"269":{"start":{"line":615,"column":10},"end":{"line":615,"column":16}},"270":{"start":{"line":617,"column":10},"end":{"line":617,"column":49}},"271":{"start":{"line":618,"column":10},"end":{"line":618,"column":68}},"272":{"start":{"line":619,"column":10},"end":{"line":619,"column":55}},"273":{"start":{"line":620,"column":10},"end":{"line":620,"column":86}},"274":{"start":{"line":621,"column":10},"end":{"line":621,"column":51}},"275":{"start":{"line":622,"column":10},"end":{"line":622,"column":79}},"276":{"start":{"line":623,"column":10},"end":{"line":623,"column":47}},"277":{"start":{"line":624,"column":10},"end":{"line":639,"column":11}},"278":{"start":{"line":630,"column":14},"end":{"line":630,"column":38}},"279":{"start":{"line":631,"column":14},"end":{"line":631,"column":20}},"280":{"start":{"line":634,"column":14},"end":{"line":634,"column":25}},"281":{"start":{"line":637,"column":14},"end":{"line":637,"column":56}},"282":{"start":{"line":638,"column":14},"end":{"line":638,"column":20}},"283":{"start":{"line":640,"column":10},"end":{"line":643,"column":12}},"284":{"start":{"line":644,"column":10},"end":{"line":656,"column":11}},"285":{"start":{"line":645,"column":12},"end":{"line":649,"column":14}},"286":{"start":{"line":651,"column":12},"end":{"line":655,"column":14}},"287":{"start":{"line":657,"column":10},"end":{"line":659,"column":11}},"288":{"start":{"line":658,"column":12},"end":{"line":658,"column":51}},"289":{"start":{"line":660,"column":10},"end":{"line":660,"column":16}},"290":{"start":{"line":663,"column":10},"end":{"line":668,"column":22}},"291":{"start":{"line":669,"column":10},"end":{"line":669,"column":30}},"292":{"start":{"line":670,"column":10},"end":{"line":670,"column":16}},"293":{"start":{"line":673,"column":4},"end":{"line":673,"column":18}},"294":{"start":{"line":676,"column":2},"end":{"line":682,"column":3}},"295":{"start":{"line":677,"column":4},"end":{"line":681,"column":5}},"296":{"start":{"line":678,"column":6},"end":{"line":678,"column":45}},"297":{"start":{"line":680,"column":6},"end":{"line":680,"column":37}},"298":{"start":{"line":685,"column":2},"end":{"line":687,"column":3}},"299":{"start":{"line":686,"column":4},"end":{"line":686,"column":54}},"300":{"start":{"line":690,"column":2},"end":{"line":701,"column":3}},"301":{"start":{"line":691,"column":4},"end":{"line":691,"column":32}},"302":{"start":{"line":692,"column":4},"end":{"line":700,"column":5}},"303":{"start":{"line":693,"column":6},"end":{"line":693,"column":62}},"304":{"start":{"line":694,"column":11},"end":{"line":700,"column":5}},"305":{"start":{"line":695,"column":6},"end":{"line":695,"column":48}},"306":{"start":{"line":696,"column":11},"end":{"line":700,"column":5}},"307":{"start":{"line":697,"column":6},"end":{"line":697,"column":62}},"308":{"start":{"line":699,"column":6},"end":{"line":699,"column":63}},"309":{"start":{"line":704,"column":2},"end":{"line":710,"column":3}},"310":{"start":{"line":705,"column":4},"end":{"line":709,"column":5}},"311":{"start":{"line":706,"column":6},"end":{"line":708,"column":7}},"312":{"start":{"line":707,"column":8},"end":{"line":707,"column":46}},"313":{"start":{"line":713,"column":2},"end":{"line":715,"column":3}},"314":{"start":{"line":714,"column":4},"end":{"line":714,"column":35}},"315":{"start":{"line":718,"column":2},"end":{"line":720,"column":3}},"316":{"start":{"line":719,"column":4},"end":{"line":719,"column":44}},"317":{"start":{"line":724,"column":2},"end":{"line":731,"column":3}},"318":{"start":{"line":725,"column":4},"end":{"line":729,"column":6}},"319":{"start":{"line":730,"column":4},"end":{"line":730,"column":24}},"320":{"start":{"line":734,"column":2},"end":{"line":738,"column":3}},"321":{"start":{"line":735,"column":4},"end":{"line":737,"column":5}},"322":{"start":{"line":736,"column":6},"end":{"line":736,"column":41}},"323":{"start":{"line":741,"column":2},"end":{"line":747,"column":3}},"324":{"start":{"line":742,"column":4},"end":{"line":742,"column":47}},"325":{"start":{"line":743,"column":4},"end":{"line":746,"column":5}},"326":{"start":{"line":744,"column":6},"end":{"line":744,"column":46}},"327":{"start":{"line":745,"column":6},"end":{"line":745,"column":43}},"328":{"start":{"line":750,"column":2},"end":{"line":764,"column":3}},"329":{"start":{"line":751,"column":4},"end":{"line":751,"column":15}},"330":{"start":{"line":752,"column":4},"end":{"line":762,"column":5}},"331":{"start":{"line":754,"column":8},"end":{"line":754,"column":49}},"332":{"start":{"line":755,"column":8},"end":{"line":755,"column":14}},"333":{"start":{"line":757,"column":8},"end":{"line":757,"column":56}},"334":{"start":{"line":758,"column":8},"end":{"line":758,"column":14}},"335":{"start":{"line":760,"column":8},"end":{"line":760,"column":55}},"336":{"start":{"line":761,"column":8},"end":{"line":761,"column":14}},"337":{"start":{"line":763,"column":4},"end":{"line":763,"column":18}},"338":{"start":{"line":768,"column":2},"end":{"line":779,"column":3}},"339":{"start":{"line":769,"column":4},"end":{"line":769,"column":50}},"340":{"start":{"line":770,"column":4},"end":{"line":778,"column":5}},"341":{"start":{"line":771,"column":6},"end":{"line":771,"column":41}},"342":{"start":{"line":772,"column":6},"end":{"line":772,"column":36}},"343":{"start":{"line":773,"column":6},"end":{"line":773,"column":27}},"344":{"start":{"line":774,"column":6},"end":{"line":774,"column":29}},"345":{"start":{"line":775,"column":6},"end":{"line":775,"column":35}},"346":{"start":{"line":776,"column":6},"end":{"line":776,"column":51}},"347":{"start":{"line":777,"column":6},"end":{"line":777,"column":47}},"348":{"start":{"line":782,"column":2},"end":{"line":784,"column":3}},"349":{"start":{"line":783,"column":4},"end":{"line":783,"column":48}},"350":{"start":{"line":791,"column":2},"end":{"line":803,"column":14}},"351":{"start":{"line":793,"column":8},"end":{"line":801,"column":10}},"352":{"start":{"line":794,"column":32},"end":{"line":794,"column":52}},"353":{"start":{"line":796,"column":12},"end":{"line":799,"column":15}},"354":{"start":{"line":806,"column":2},"end":{"line":821,"column":10}},"355":{"start":{"line":808,"column":8},"end":{"line":808,"column":27}},"356":{"start":{"line":809,"column":8},"end":{"line":819,"column":10}},"357":{"start":{"line":811,"column":12},"end":{"line":811,"column":37}},"358":{"start":{"line":817,"column":12},"end":{"line":817,"column":39}},"359":{"start":{"line":826,"column":2},"end":{"line":835,"column":21}},"360":{"start":{"line":828,"column":18},"end":{"line":828,"column":45}},"361":{"start":{"line":831,"column":18},"end":{"line":831,"column":44}},"362":{"start":{"line":832,"column":18},"end":{"line":834,"column":20}},"363":{"start":{"line":833,"column":20},"end":{"line":833,"column":50}},"364":{"start":{"line":838,"column":2},"end":{"line":839,"column":69}},"365":{"start":{"line":839,"column":28},"end":{"line":839,"column":66}},"366":{"start":{"line":846,"column":2},"end":{"line":846,"column":24}},"367":{"start":{"line":849,"column":2},"end":{"line":849,"column":30}},"368":{"start":{"line":850,"column":2},"end":{"line":857,"column":3}},"369":{"start":{"line":851,"column":4},"end":{"line":851,"column":25}},"370":{"start":{"line":852,"column":4},"end":{"line":856,"column":6}},"371":{"start":{"line":853,"column":6},"end":{"line":853,"column":42}},"372":{"start":{"line":854,"column":6},"end":{"line":855,"column":46}},"373":{"start":{"line":860,"column":2},"end":{"line":872,"column":8}},"374":{"start":{"line":862,"column":8},"end":{"line":862,"column":44}},"375":{"start":{"line":865,"column":8},"end":{"line":871,"column":9}},"376":{"start":{"line":870,"column":10},"end":{"line":870,"column":42}},"377":{"start":{"line":875,"column":2},"end":{"line":890,"column":48}},"378":{"start":{"line":877,"column":8},"end":{"line":887,"column":9}},"379":{"start":{"line":884,"column":10},"end":{"line":884,"column":32}},"380":{"start":{"line":885,"column":10},"end":{"line":886,"column":34}},"381":{"start":{"line":886,"column":12},"end":{"line":886,"column":34}},"382":{"start":{"line":888,"column":8},"end":{"line":888,"column":24}},"383":{"start":{"line":890,"column":24},"end":{"line":890,"column":45}},"384":{"start":{"line":894,"column":2},"end":{"line":914,"column":8}},"385":{"start":{"line":896,"column":8},"end":{"line":906,"column":9}},"386":{"start":{"line":897,"column":10},"end":{"line":897,"column":27}},"387":{"start":{"line":898,"column":10},"end":{"line":905,"column":11}},"388":{"start":{"line":900,"column":14},"end":{"line":900,"column":60}},"389":{"start":{"line":901,"column":14},"end":{"line":901,"column":20}},"390":{"start":{"line":903,"column":14},"end":{"line":903,"column":53}},"391":{"start":{"line":904,"column":14},"end":{"line":904,"column":20}},"392":{"start":{"line":907,"column":8},"end":{"line":907,"column":26}},"393":{"start":{"line":910,"column":8},"end":{"line":912,"column":9}},"394":{"start":{"line":911,"column":10},"end":{"line":911,"column":54}},"395":{"start":{"line":913,"column":8},"end":{"line":913,"column":26}},"396":{"start":{"line":917,"column":2},"end":{"line":917,"column":19}},"397":{"start":{"line":918,"column":2},"end":{"line":918,"column":105}},"398":{"start":{"line":919,"column":2},"end":{"line":919,"column":94}},"399":{"start":{"line":920,"column":2},"end":{"line":930,"column":4}},"400":{"start":{"line":921,"column":4},"end":{"line":929,"column":11}},"401":{"start":{"line":925,"column":10},"end":{"line":925,"column":45}},"402":{"start":{"line":926,"column":10},"end":{"line":926,"column":47}},"403":{"start":{"line":932,"column":2},"end":{"line":934,"column":4}},"404":{"start":{"line":933,"column":4},"end":{"line":933,"column":48}},"405":{"start":{"line":937,"column":2},"end":{"line":944,"column":56}},"406":{"start":{"line":939,"column":6},"end":{"line":941,"column":7}},"407":{"start":{"line":940,"column":8},"end":{"line":940,"column":56}},"408":{"start":{"line":940,"column":44},"end":{"line":940,"column":56}},"409":{"start":{"line":942,"column":6},"end":{"line":942,"column":23}},"410":{"start":{"line":944,"column":22},"end":{"line":944,"column":53}},"411":{"start":{"line":946,"column":2},"end":{"line":953,"column":60}},"412":{"start":{"line":948,"column":6},"end":{"line":950,"column":7}},"413":{"start":{"line":949,"column":8},"end":{"line":949,"column":56}},"414":{"start":{"line":949,"column":44},"end":{"line":949,"column":56}},"415":{"start":{"line":951,"column":6},"end":{"line":951,"column":23}},"416":{"start":{"line":953,"column":22},"end":{"line":953,"column":57}},"417":{"start":{"line":956,"column":2},"end":{"line":956,"column":28}},"418":{"start":{"line":959,"column":2},"end":{"line":959,"column":27}},"419":{"start":{"line":962,"column":2},"end":{"line":962,"column":27}},"420":{"start":{"line":965,"column":2},"end":{"line":965,"column":25}},"421":{"start":{"line":969,"column":2},"end":{"line":987,"column":7}},"422":{"start":{"line":970,"column":4},"end":{"line":970,"column":66}},"423":{"start":{"line":971,"column":4},"end":{"line":971,"column":65}},"424":{"start":{"line":972,"column":4},"end":{"line":986,"column":8}},"425":{"start":{"line":974,"column":8},"end":{"line":981,"column":9}},"426":{"start":{"line":980,"column":10},"end":{"line":980,"column":54}},"427":{"start":{"line":982,"column":8},"end":{"line":982,"column":21}},"428":{"start":{"line":985,"column":8},"end":{"line":985,"column":40}},"429":{"start":{"line":995,"column":2},"end":{"line":1002,"column":3}},"430":{"start":{"line":996,"column":4},"end":{"line":996,"column":19}},"431":{"start":{"line":997,"column":4},"end":{"line":997,"column":61}},"432":{"start":{"line":998,"column":4},"end":{"line":998,"column":50}},"433":{"start":{"line":999,"column":4},"end":{"line":999,"column":33}},"434":{"start":{"line":1000,"column":4},"end":{"line":1000,"column":34}},"435":{"start":{"line":1001,"column":4},"end":{"line":1001,"column":16}},"436":{"start":{"line":1007,"column":2},"end":{"line":1036,"column":3}},"437":{"start":{"line":1008,"column":4},"end":{"line":1008,"column":18}},"438":{"start":{"line":1009,"column":4},"end":{"line":1009,"column":19}},"439":{"start":{"line":1010,"column":4},"end":{"line":1027,"column":5}},"440":{"start":{"line":1013,"column":8},"end":{"line":1013,"column":26}},"441":{"start":{"line":1014,"column":8},"end":{"line":1014,"column":14}},"442":{"start":{"line":1016,"column":8},"end":{"line":1016,"column":37}},"443":{"start":{"line":1017,"column":8},"end":{"line":1020,"column":10}},"444":{"start":{"line":1021,"column":8},"end":{"line":1021,"column":14}},"445":{"start":{"line":1024,"column":8},"end":{"line":1024,"column":39}},"446":{"start":{"line":1025,"column":8},"end":{"line":1025,"column":46}},"447":{"start":{"line":1026,"column":8},"end":{"line":1026,"column":14}},"448":{"start":{"line":1028,"column":4},"end":{"line":1034,"column":5}},"449":{"start":{"line":1033,"column":6},"end":{"line":1033,"column":81}},"450":{"start":{"line":1035,"column":4},"end":{"line":1035,"column":16}},"451":{"start":{"line":1041,"column":2},"end":{"line":1059,"column":3}},"452":{"start":{"line":1042,"column":4},"end":{"line":1056,"column":5}},"453":{"start":{"line":1049,"column":6},"end":{"line":1049,"column":22}},"454":{"start":{"line":1050,"column":6},"end":{"line":1050,"column":44}},"455":{"start":{"line":1051,"column":6},"end":{"line":1054,"column":7}},"456":{"start":{"line":1052,"column":8},"end":{"line":1052,"column":45}},"457":{"start":{"line":1053,"column":8},"end":{"line":1053,"column":22}},"458":{"start":{"line":1055,"column":6},"end":{"line":1055,"column":71}},"459":{"start":{"line":1057,"column":4},"end":{"line":1057,"column":42}},"460":{"start":{"line":1058,"column":4},"end":{"line":1058,"column":19}},"461":{"start":{"line":1062,"column":2},"end":{"line":1081,"column":3}},"462":{"start":{"line":1063,"column":4},"end":{"line":1078,"column":5}},"463":{"start":{"line":1070,"column":6},"end":{"line":1070,"column":22}},"464":{"start":{"line":1071,"column":6},"end":{"line":1071,"column":22}},"465":{"start":{"line":1072,"column":6},"end":{"line":1077,"column":8}},"466":{"start":{"line":1079,"column":4},"end":{"line":1079,"column":42}},"467":{"start":{"line":1080,"column":4},"end":{"line":1080,"column":19}},"468":{"start":{"line":1084,"column":2},"end":{"line":1088,"column":3}},"469":{"start":{"line":1085,"column":4},"end":{"line":1087,"column":5}},"470":{"start":{"line":1086,"column":6},"end":{"line":1086,"column":32}},"471":{"start":{"line":1092,"column":2},"end":{"line":1105,"column":3}},"472":{"start":{"line":1093,"column":4},"end":{"line":1093,"column":40}},"473":{"start":{"line":1093,"column":12},"end":{"line":1093,"column":40}},"474":{"start":{"line":1094,"column":4},"end":{"line":1094,"column":16}},"475":{"start":{"line":1095,"column":4},"end":{"line":1096,"column":52}},"476":{"start":{"line":1097,"column":4},"end":{"line":1103,"column":5}},"477":{"start":{"line":1098,"column":6},"end":{"line":1098,"column":46}},"478":{"start":{"line":1099,"column":6},"end":{"line":1099,"column":63}},"479":{"start":{"line":1100,"column":6},"end":{"line":1100,"column":39}},"480":{"start":{"line":1102,"column":6},"end":{"line":1102,"column":70}},"481":{"start":{"line":1104,"column":4},"end":{"line":1104,"column":50}},"482":{"start":{"line":1112,"column":2},"end":{"line":1172,"column":3}},"483":{"start":{"line":1113,"column":4},"end":{"line":1113,"column":71}},"484":{"start":{"line":1115,"column":4},"end":{"line":1121,"column":5}},"485":{"start":{"line":1116,"column":6},"end":{"line":1116,"column":50}},"486":{"start":{"line":1117,"column":6},"end":{"line":1119,"column":17}},"487":{"start":{"line":1120,"column":6},"end":{"line":1120,"column":31}},"488":{"start":{"line":1123,"column":4},"end":{"line":1132,"column":5}},"489":{"start":{"line":1124,"column":6},"end":{"line":1130,"column":7}},"490":{"start":{"line":1125,"column":8},"end":{"line":1125,"column":22}},"491":{"start":{"line":1126,"column":8},"end":{"line":1128,"column":9}},"492":{"start":{"line":1127,"column":10},"end":{"line":1127,"column":66}},"493":{"start":{"line":1129,"column":8},"end":{"line":1129,"column":42}},"494":{"start":{"line":1131,"column":6},"end":{"line":1131,"column":21}},"495":{"start":{"line":1134,"column":4},"end":{"line":1171,"column":8}},"496":{"start":{"line":1136,"column":8},"end":{"line":1136,"column":29}},"497":{"start":{"line":1137,"column":8},"end":{"line":1137,"column":42}},"498":{"start":{"line":1137,"column":16},"end":{"line":1137,"column":42}},"499":{"start":{"line":1138,"column":8},"end":{"line":1159,"column":9}},"500":{"start":{"line":1139,"column":10},"end":{"line":1139,"column":23}},"501":{"start":{"line":1140,"column":10},"end":{"line":1140,"column":29}},"502":{"start":{"line":1141,"column":10},"end":{"line":1158,"column":12}},"503":{"start":{"line":1142,"column":12},"end":{"line":1155,"column":13}},"504":{"start":{"line":1143,"column":14},"end":{"line":1154,"column":15}},"505":{"start":{"line":1144,"column":16},"end":{"line":1144,"column":40}},"506":{"start":{"line":1145,"column":16},"end":{"line":1149,"column":18}},"507":{"start":{"line":1150,"column":16},"end":{"line":1150,"column":47}},"508":{"start":{"line":1152,"column":16},"end":{"line":1152,"column":66}},"509":{"start":{"line":1152,"column":53},"end":{"line":1152,"column":66}},"510":{"start":{"line":1153,"column":16},"end":{"line":1153,"column":49}},"511":{"start":{"line":1156,"column":12},"end":{"line":1156,"column":37}},"512":{"start":{"line":1157,"column":12},"end":{"line":1157,"column":27}},"513":{"start":{"line":1160,"column":8},"end":{"line":1160,"column":23}},"514":{"start":{"line":1163,"column":8},"end":{"line":1163,"column":42}},"515":{"start":{"line":1163,"column":16},"end":{"line":1163,"column":42}},"516":{"start":{"line":1164,"column":8},"end":{"line":1168,"column":9}},"517":{"start":{"line":1165,"column":10},"end":{"line":1165,"column":23}},"518":{"start":{"line":1166,"column":10},"end":{"line":1166,"column":29}},"519":{"start":{"line":1167,"column":10},"end":{"line":1167,"column":33}},"520":{"start":{"line":1169,"column":8},"end":{"line":1169,"column":38}},"521":{"start":{"line":1170,"column":8},"end":{"line":1170,"column":23}},"522":{"start":{"line":1175,"column":2},"end":{"line":1188,"column":3}},"523":{"start":{"line":1176,"column":4},"end":{"line":1176,"column":30}},"524":{"start":{"line":1177,"column":4},"end":{"line":1177,"column":30}},"525":{"start":{"line":1178,"column":4},"end":{"line":1178,"column":18}},"526":{"start":{"line":1179,"column":4},"end":{"line":1182,"column":5}},"527":{"start":{"line":1180,"column":6},"end":{"line":1180,"column":29}},"528":{"start":{"line":1181,"column":6},"end":{"line":1181,"column":40}},"529":{"start":{"line":1183,"column":4},"end":{"line":1186,"column":5}},"530":{"start":{"line":1184,"column":6},"end":{"line":1184,"column":16}},"531":{"start":{"line":1185,"column":6},"end":{"line":1185,"column":27}},"532":{"start":{"line":1187,"column":4},"end":{"line":1187,"column":54}},"533":{"start":{"line":1193,"column":2},"end":{"line":1193,"column":15}},"534":{"start":{"line":1198,"column":0},"end":{"line":1198,"column":49}},"535":{"start":{"line":1198,"column":6},"end":{"line":1198,"column":33}}},"branchMap":{"1":{"line":17,"type":"switch","locations":[{"start":{"line":18,"column":6},"end":{"line":18,"column":13}},{"start":{"line":19,"column":6},"end":{"line":30,"column":20}},{"start":{"line":31,"column":6},"end":{"line":33,"column":41}}]},"2":{"line":19,"type":"cond-expr","locations":[{"start":{"line":20,"column":18},"end":{"line":20,"column":37}},{"start":{"line":21,"column":19},"end":{"line":29,"column":21}}]},"3":{"line":21,"type":"cond-expr","locations":[{"start":{"line":22,"column":20},"end":{"line":22,"column":36}},{"start":{"line":23,"column":21},"end":{"line":28,"column":23}}]},"4":{"line":23,"type":"cond-expr","locations":[{"start":{"line":24,"column":22},"end":{"line":24,"column":47}},{"start":{"line":25,"column":23},"end":{"line":27,"column":48}}]},"5":{"line":25,"type":"cond-expr","locations":[{"start":{"line":26,"column":24},"end":{"line":26,"column":34}},{"start":{"line":27,"column":24},"end":{"line":27,"column":48}}]},"6":{"line":31,"type":"cond-expr","locations":[{"start":{"line":32,"column":18},"end":{"line":32,"column":37}},{"start":{"line":32,"column":40},"end":{"line":32,"column":44}}]},"7":{"line":67,"type":"cond-expr","locations":[{"start":{"line":68,"column":6},"end":{"line":68,"column":25}},{"start":{"line":69,"column":7},"end":{"line":71,"column":39}}]},"8":{"line":69,"type":"cond-expr","locations":[{"start":{"line":70,"column":8},"end":{"line":70,"column":35}},{"start":{"line":71,"column":8},"end":{"line":71,"column":39}}]},"9":{"line":70,"type":"binary-expr","locations":[{"start":{"line":70,"column":20},"end":{"line":70,"column":24}},{"start":{"line":70,"column":28},"end":{"line":70,"column":34}}]},"10":{"line":71,"type":"binary-expr","locations":[{"start":{"line":71,"column":24},"end":{"line":71,"column":28}},{"start":{"line":71,"column":32},"end":{"line":71,"column":38}}]},"11":{"line":112,"type":"if","locations":[{"start":{"line":112,"column":6},"end":{"line":112,"column":6}},{"start":{"line":112,"column":6},"end":{"line":112,"column":6}}]},"12":{"line":112,"type":"binary-expr","locations":[{"start":{"line":112,"column":10},"end":{"line":112,"column":21}},{"start":{"line":112,"column":25},"end":{"line":112,"column":38}}]},"13":{"line":115,"type":"cond-expr","locations":[{"start":{"line":115,"column":27},"end":{"line":115,"column":29}},{"start":{"line":115,"column":32},"end":{"line":115,"column":33}}]},"14":{"line":122,"type":"switch","locations":[{"start":{"line":123,"column":6},"end":{"line":130,"column":14}},{"start":{"line":131,"column":6},"end":{"line":135,"column":14}},{"start":{"line":136,"column":6},"end":{"line":138,"column":14}}]},"15":{"line":125,"type":"if","locations":[{"start":{"line":125,"column":8},"end":{"line":125,"column":8}},{"start":{"line":125,"column":8},"end":{"line":125,"column":8}}]},"16":{"line":132,"type":"if","locations":[{"start":{"line":132,"column":8},"end":{"line":132,"column":8}},{"start":{"line":132,"column":8},"end":{"line":132,"column":8}}]},"17":{"line":160,"type":"if","locations":[{"start":{"line":160,"column":4},"end":{"line":160,"column":4}},{"start":{"line":160,"column":4},"end":{"line":160,"column":4}}]},"18":{"line":177,"type":"if","locations":[{"start":{"line":177,"column":4},"end":{"line":177,"column":4}},{"start":{"line":177,"column":4},"end":{"line":177,"column":4}}]},"19":{"line":178,"type":"binary-expr","locations":[{"start":{"line":178,"column":6},"end":{"line":178,"column":12}},{"start":{"line":179,"column":6},"end":{"line":179,"column":59}}]},"20":{"line":179,"type":"cond-expr","locations":[{"start":{"line":179,"column":31},"end":{"line":179,"column":47}},{"start":{"line":179,"column":50},"end":{"line":179,"column":58}}]},"21":{"line":197,"type":"binary-expr","locations":[{"start":{"line":197,"column":18},"end":{"line":197,"column":30}},{"start":{"line":197,"column":34},"end":{"line":201,"column":19}}]},"22":{"line":199,"type":"binary-expr","locations":[{"start":{"line":199,"column":20},"end":{"line":199,"column":45}},{"start":{"line":200,"column":20},"end":{"line":200,"column":51}}]},"23":{"line":202,"type":"cond-expr","locations":[{"start":{"line":202,"column":23},"end":{"line":202,"column":36}},{"start":{"line":202,"column":39},"end":{"line":202,"column":41}}]},"24":{"line":203,"type":"binary-expr","locations":[{"start":{"line":203,"column":16},"end":{"line":203,"column":23}},{"start":{"line":203,"column":27},"end":{"line":203,"column":36}}]},"25":{"line":206,"type":"if","locations":[{"start":{"line":206,"column":4},"end":{"line":206,"column":4}},{"start":{"line":206,"column":4},"end":{"line":206,"column":4}}]},"26":{"line":207,"type":"cond-expr","locations":[{"start":{"line":208,"column":6},"end":{"line":214,"column":7}},{"start":{"line":215,"column":7},"end":{"line":257,"column":9}}]},"27":{"line":209,"type":"if","locations":[{"start":{"line":209,"column":8},"end":{"line":209,"column":8}},{"start":{"line":209,"column":8},"end":{"line":209,"column":8}}]},"28":{"line":210,"type":"if","locations":[{"start":{"line":210,"column":10},"end":{"line":210,"column":10}},{"start":{"line":210,"column":10},"end":{"line":210,"column":10}}]},"29":{"line":212,"type":"if","locations":[{"start":{"line":212,"column":10},"end":{"line":212,"column":10}},{"start":{"line":212,"column":10},"end":{"line":212,"column":10}}]},"30":{"line":215,"type":"cond-expr","locations":[{"start":{"line":216,"column":8},"end":{"line":235,"column":9}},{"start":{"line":236,"column":8},"end":{"line":257,"column":9}}]},"31":{"line":217,"type":"if","locations":[{"start":{"line":217,"column":10},"end":{"line":217,"column":10}},{"start":{"line":217,"column":10},"end":{"line":217,"column":10}}]},"32":{"line":221,"type":"if","locations":[{"start":{"line":221,"column":12},"end":{"line":221,"column":12}},{"start":{"line":221,"column":12},"end":{"line":221,"column":12}}]},"33":{"line":225,"type":"if","locations":[{"start":{"line":225,"column":14},"end":{"line":225,"column":14}},{"start":{"line":225,"column":14},"end":{"line":225,"column":14}}]},"34":{"line":237,"type":"if","locations":[{"start":{"line":237,"column":10},"end":{"line":237,"column":10}},{"start":{"line":237,"column":10},"end":{"line":237,"column":10}}]},"35":{"line":241,"type":"if","locations":[{"start":{"line":241,"column":12},"end":{"line":241,"column":12}},{"start":{"line":241,"column":12},"end":{"line":241,"column":12}}]},"36":{"line":242,"type":"if","locations":[{"start":{"line":242,"column":14},"end":{"line":242,"column":14}},{"start":{"line":242,"column":14},"end":{"line":242,"column":14}}]},"37":{"line":243,"type":"if","locations":[{"start":{"line":243,"column":16},"end":{"line":243,"column":16}},{"start":{"line":243,"column":16},"end":{"line":243,"column":16}}]},"38":{"line":250,"type":"if","locations":[{"start":{"line":250,"column":16},"end":{"line":250,"column":16}},{"start":{"line":250,"column":16},"end":{"line":250,"column":16}}]},"39":{"line":267,"type":"switch","locations":[{"start":{"line":268,"column":8},"end":{"line":268,"column":22}},{"start":{"line":269,"column":8},"end":{"line":269,"column":22}},{"start":{"line":270,"column":8},"end":{"line":290,"column":16}},{"start":{"line":291,"column":8},"end":{"line":297,"column":16}},{"start":{"line":298,"column":8},"end":{"line":298,"column":22}},{"start":{"line":299,"column":8},"end":{"line":304,"column":11}},{"start":{"line":305,"column":8},"end":{"line":380,"column":16}}]},"40":{"line":271,"type":"if","locations":[{"start":{"line":271,"column":10},"end":{"line":271,"column":10}},{"start":{"line":271,"column":10},"end":{"line":271,"column":10}}]},"41":{"line":272,"type":"if","locations":[{"start":{"line":272,"column":12},"end":{"line":272,"column":12}},{"start":{"line":272,"column":12},"end":{"line":272,"column":12}}]},"42":{"line":276,"type":"if","locations":[{"start":{"line":276,"column":17},"end":{"line":276,"column":17}},{"start":{"line":276,"column":17},"end":{"line":276,"column":17}}]},"43":{"line":277,"type":"binary-expr","locations":[{"start":{"line":277,"column":12},"end":{"line":277,"column":35}},{"start":{"line":278,"column":12},"end":{"line":278,"column":48}}]},"44":{"line":280,"type":"if","locations":[{"start":{"line":280,"column":12},"end":{"line":280,"column":12}},{"start":{"line":280,"column":12},"end":{"line":280,"column":12}}]},"45":{"line":292,"type":"if","locations":[{"start":{"line":292,"column":10},"end":{"line":292,"column":10}},{"start":{"line":292,"column":10},"end":{"line":292,"column":10}}]},"46":{"line":300,"type":"if","locations":[{"start":{"line":300,"column":10},"end":{"line":300,"column":10}},{"start":{"line":300,"column":10},"end":{"line":300,"column":10}}]},"47":{"line":307,"type":"if","locations":[{"start":{"line":307,"column":10},"end":{"line":307,"column":10}},{"start":{"line":307,"column":10},"end":{"line":307,"column":10}}]},"48":{"line":309,"type":"if","locations":[{"start":{"line":309,"column":12},"end":{"line":309,"column":12}},{"start":{"line":309,"column":12},"end":{"line":309,"column":12}}]},"49":{"line":309,"type":"binary-expr","locations":[{"start":{"line":309,"column":16},"end":{"line":309,"column":28}},{"start":{"line":309,"column":32},"end":{"line":309,"column":44}}]},"50":{"line":313,"type":"switch","locations":[{"start":{"line":314,"column":16},"end":{"line":314,"column":30}},{"start":{"line":315,"column":16},"end":{"line":315,"column":30}},{"start":{"line":316,"column":16},"end":{"line":318,"column":24}},{"start":{"line":319,"column":16},"end":{"line":328,"column":24}},{"start":{"line":329,"column":16},"end":{"line":336,"column":19}},{"start":{"line":337,"column":16},"end":{"line":344,"column":24}}]},"51":{"line":320,"type":"cond-expr","locations":[{"start":{"line":320,"column":49},"end":{"line":320,"column":53}},{"start":{"line":320,"column":56},"end":{"line":320,"column":71}}]},"52":{"line":321,"type":"cond-expr","locations":[{"start":{"line":322,"column":22},"end":{"line":322,"column":51}},{"start":{"line":322,"column":54},"end":{"line":322,"column":64}}]},"53":{"line":326,"type":"if","locations":[{"start":{"line":326,"column":18},"end":{"line":326,"column":18}},{"start":{"line":326,"column":18},"end":{"line":326,"column":18}}]},"54":{"line":330,"type":"if","locations":[{"start":{"line":330,"column":18},"end":{"line":330,"column":18}},{"start":{"line":330,"column":18},"end":{"line":330,"column":18}}]},"55":{"line":333,"type":"if","locations":[{"start":{"line":333,"column":18},"end":{"line":333,"column":18}},{"start":{"line":333,"column":18},"end":{"line":333,"column":18}}]},"56":{"line":338,"type":"if","locations":[{"start":{"line":338,"column":18},"end":{"line":338,"column":18}},{"start":{"line":338,"column":18},"end":{"line":338,"column":18}}]},"57":{"line":340,"type":"if","locations":[{"start":{"line":340,"column":20},"end":{"line":340,"column":20}},{"start":{"line":340,"column":20},"end":{"line":340,"column":20}}]},"58":{"line":347,"type":"if","locations":[{"start":{"line":347,"column":17},"end":{"line":347,"column":17}},{"start":{"line":347,"column":17},"end":{"line":347,"column":17}}]},"59":{"line":348,"type":"if","locations":[{"start":{"line":348,"column":12},"end":{"line":348,"column":12}},{"start":{"line":348,"column":12},"end":{"line":348,"column":12}}]},"60":{"line":352,"type":"cond-expr","locations":[{"start":{"line":353,"column":16},"end":{"line":353,"column":44}},{"start":{"line":354,"column":16},"end":{"line":354,"column":23}}]},"61":{"line":356,"type":"if","locations":[{"start":{"line":356,"column":17},"end":{"line":356,"column":17}},{"start":{"line":356,"column":17},"end":{"line":356,"column":17}}]},"62":{"line":358,"type":"if","locations":[{"start":{"line":358,"column":17},"end":{"line":358,"column":17}},{"start":{"line":358,"column":17},"end":{"line":358,"column":17}}]},"63":{"line":360,"type":"if","locations":[{"start":{"line":360,"column":17},"end":{"line":360,"column":17}},{"start":{"line":360,"column":17},"end":{"line":360,"column":17}}]},"64":{"line":362,"type":"if","locations":[{"start":{"line":362,"column":17},"end":{"line":362,"column":17}},{"start":{"line":362,"column":17},"end":{"line":362,"column":17}}]},"65":{"line":364,"type":"if","locations":[{"start":{"line":364,"column":17},"end":{"line":364,"column":17}},{"start":{"line":364,"column":17},"end":{"line":364,"column":17}}]},"66":{"line":368,"type":"if","locations":[{"start":{"line":368,"column":12},"end":{"line":368,"column":12}},{"start":{"line":368,"column":12},"end":{"line":368,"column":12}}]},"67":{"line":375,"type":"if","locations":[{"start":{"line":375,"column":17},"end":{"line":375,"column":17}},{"start":{"line":375,"column":17},"end":{"line":375,"column":17}}]},"68":{"line":399,"type":"if","locations":[{"start":{"line":399,"column":6},"end":{"line":399,"column":6}},{"start":{"line":399,"column":6},"end":{"line":399,"column":6}}]},"69":{"line":405,"type":"cond-expr","locations":[{"start":{"line":406,"column":14},"end":{"line":406,"column":51}},{"start":{"line":407,"column":14},"end":{"line":407,"column":23}}]},"70":{"line":423,"type":"switch","locations":[{"start":{"line":424,"column":8},"end":{"line":427,"column":16}},{"start":{"line":428,"column":8},"end":{"line":440,"column":16}},{"start":{"line":441,"column":8},"end":{"line":448,"column":16}}]},"71":{"line":429,"type":"if","locations":[{"start":{"line":429,"column":10},"end":{"line":429,"column":10}},{"start":{"line":429,"column":10},"end":{"line":429,"column":10}}]},"72":{"line":430,"type":"if","locations":[{"start":{"line":430,"column":12},"end":{"line":430,"column":12}},{"start":{"line":430,"column":12},"end":{"line":430,"column":12}}]},"73":{"line":430,"type":"binary-expr","locations":[{"start":{"line":430,"column":16},"end":{"line":430,"column":28}},{"start":{"line":431,"column":14},"end":{"line":431,"column":42}},{"start":{"line":432,"column":14},"end":{"line":432,"column":38}}]},"74":{"line":442,"type":"if","locations":[{"start":{"line":442,"column":10},"end":{"line":442,"column":10}},{"start":{"line":442,"column":10},"end":{"line":442,"column":10}}]},"75":{"line":443,"type":"binary-expr","locations":[{"start":{"line":443,"column":12},"end":{"line":443,"column":52}},{"start":{"line":444,"column":12},"end":{"line":444,"column":49}}]},"76":{"line":461,"type":"binary-expr","locations":[{"start":{"line":461,"column":11},"end":{"line":461,"column":40}},{"start":{"line":462,"column":12},"end":{"line":462,"column":54}},{"start":{"line":463,"column":12},"end":{"line":463,"column":38}}]},"77":{"line":513,"type":"if","locations":[{"start":{"line":513,"column":6},"end":{"line":513,"column":6}},{"start":{"line":513,"column":6},"end":{"line":513,"column":6}}]},"78":{"line":514,"type":"binary-expr","locations":[{"start":{"line":514,"column":8},"end":{"line":514,"column":39}},{"start":{"line":515,"column":8},"end":{"line":515,"column":49}}]},"79":{"line":520,"type":"cond-expr","locations":[{"start":{"line":520,"column":34},"end":{"line":520,"column":44}},{"start":{"line":520,"column":47},"end":{"line":520,"column":54}}]},"80":{"line":533,"type":"cond-expr","locations":[{"start":{"line":534,"column":8},"end":{"line":534,"column":25}},{"start":{"line":535,"column":8},"end":{"line":535,"column":26}}]},"81":{"line":546,"type":"if","locations":[{"start":{"line":546,"column":4},"end":{"line":546,"column":4}},{"start":{"line":546,"column":4},"end":{"line":546,"column":4}}]},"82":{"line":557,"type":"if","locations":[{"start":{"line":557,"column":4},"end":{"line":557,"column":4}},{"start":{"line":557,"column":4},"end":{"line":557,"column":4}}]},"83":{"line":566,"type":"if","locations":[{"start":{"line":566,"column":6},"end":{"line":566,"column":6}},{"start":{"line":566,"column":6},"end":{"line":566,"column":6}}]},"84":{"line":579,"type":"if","locations":[{"start":{"line":579,"column":4},"end":{"line":579,"column":4}},{"start":{"line":579,"column":4},"end":{"line":579,"column":4}}]},"85":{"line":579,"type":"binary-expr","locations":[{"start":{"line":579,"column":8},"end":{"line":579,"column":10}},{"start":{"line":579,"column":14},"end":{"line":579,"column":16}}]},"86":{"line":608,"type":"switch","locations":[{"start":{"line":609,"column":8},"end":{"line":615,"column":16}},{"start":{"line":616,"column":8},"end":{"line":660,"column":16}},{"start":{"line":661,"column":8},"end":{"line":670,"column":16}}]},"87":{"line":611,"type":"if","locations":[{"start":{"line":611,"column":10},"end":{"line":611,"column":10}},{"start":{"line":611,"column":10},"end":{"line":611,"column":10}}]},"88":{"line":620,"type":"cond-expr","locations":[{"start":{"line":620,"column":33},"end":{"line":620,"column":79}},{"start":{"line":620,"column":83},"end":{"line":620,"column":85}}]},"89":{"line":622,"type":"cond-expr","locations":[{"start":{"line":622,"column":31},"end":{"line":622,"column":73}},{"start":{"line":622,"column":76},"end":{"line":622,"column":78}}]},"90":{"line":624,"type":"switch","locations":[{"start":{"line":629,"column":12},"end":{"line":631,"column":20}},{"start":{"line":633,"column":12},"end":{"line":634,"column":25}},{"start":{"line":636,"column":12},"end":{"line":638,"column":20}}]},"91":{"line":644,"type":"if","locations":[{"start":{"line":644,"column":10},"end":{"line":644,"column":10}},{"start":{"line":644,"column":10},"end":{"line":644,"column":10}}]},"92":{"line":657,"type":"if","locations":[{"start":{"line":657,"column":10},"end":{"line":657,"column":10}},{"start":{"line":657,"column":10},"end":{"line":657,"column":10}}]},"93":{"line":663,"type":"binary-expr","locations":[{"start":{"line":663,"column":19},"end":{"line":663,"column":51}},{"start":{"line":664,"column":20},"end":{"line":668,"column":21}}]},"94":{"line":677,"type":"if","locations":[{"start":{"line":677,"column":4},"end":{"line":677,"column":4}},{"start":{"line":677,"column":4},"end":{"line":677,"column":4}}]},"95":{"line":692,"type":"if","locations":[{"start":{"line":692,"column":4},"end":{"line":692,"column":4}},{"start":{"line":692,"column":4},"end":{"line":692,"column":4}}]},"96":{"line":694,"type":"if","locations":[{"start":{"line":694,"column":11},"end":{"line":694,"column":11}},{"start":{"line":694,"column":11},"end":{"line":694,"column":11}}]},"97":{"line":696,"type":"if","locations":[{"start":{"line":696,"column":11},"end":{"line":696,"column":11}},{"start":{"line":696,"column":11},"end":{"line":696,"column":11}}]},"98":{"line":706,"type":"if","locations":[{"start":{"line":706,"column":6},"end":{"line":706,"column":6}},{"start":{"line":706,"column":6},"end":{"line":706,"column":6}}]},"99":{"line":719,"type":"binary-expr","locations":[{"start":{"line":719,"column":11},"end":{"line":719,"column":24}},{"start":{"line":719,"column":28},"end":{"line":719,"column":43}}]},"100":{"line":726,"type":"binary-expr","locations":[{"start":{"line":726,"column":7},"end":{"line":726,"column":51}},{"start":{"line":727,"column":6},"end":{"line":727,"column":33}},{"start":{"line":728,"column":6},"end":{"line":728,"column":44}}]},"101":{"line":743,"type":"if","locations":[{"start":{"line":743,"column":4},"end":{"line":743,"column":4}},{"start":{"line":743,"column":4},"end":{"line":743,"column":4}}]},"102":{"line":743,"type":"binary-expr","locations":[{"start":{"line":743,"column":8},"end":{"line":743,"column":23}},{"start":{"line":743,"column":27},"end":{"line":743,"column":65}}]},"103":{"line":752,"type":"switch","locations":[{"start":{"line":753,"column":6},"end":{"line":755,"column":14}},{"start":{"line":756,"column":6},"end":{"line":758,"column":14}},{"start":{"line":759,"column":6},"end":{"line":761,"column":14}}]},"104":{"line":770,"type":"if","locations":[{"start":{"line":770,"column":4},"end":{"line":770,"column":4}},{"start":{"line":770,"column":4},"end":{"line":770,"column":4}}]},"105":{"line":791,"type":"cond-expr","locations":[{"start":{"line":792,"column":6},"end":{"line":802,"column":7}},{"start":{"line":803,"column":6},"end":{"line":803,"column":13}}]},"106":{"line":806,"type":"cond-expr","locations":[{"start":{"line":807,"column":6},"end":{"line":820,"column":7}},{"start":{"line":821,"column":6},"end":{"line":821,"column":9}}]},"107":{"line":826,"type":"binary-expr","locations":[{"start":{"line":826,"column":16},"end":{"line":826,"column":29}},{"start":{"line":827,"column":17},"end":{"line":835,"column":19}}]},"108":{"line":838,"type":"binary-expr","locations":[{"start":{"line":838,"column":13},"end":{"line":838,"column":25}},{"start":{"line":839,"column":14},"end":{"line":839,"column":68}}]},"109":{"line":850,"type":"if","locations":[{"start":{"line":850,"column":2},"end":{"line":850,"column":2}},{"start":{"line":850,"column":2},"end":{"line":850,"column":2}}]},"110":{"line":854,"type":"binary-expr","locations":[{"start":{"line":854,"column":13},"end":{"line":854,"column":33}},{"start":{"line":855,"column":13},"end":{"line":855,"column":44}}]},"111":{"line":860,"type":"cond-expr","locations":[{"start":{"line":861,"column":6},"end":{"line":863,"column":7}},{"start":{"line":864,"column":6},"end":{"line":872,"column":7}}]},"112":{"line":875,"type":"cond-expr","locations":[{"start":{"line":876,"column":6},"end":{"line":889,"column":7}},{"start":{"line":890,"column":6},"end":{"line":890,"column":47}}]},"113":{"line":875,"type":"binary-expr","locations":[{"start":{"line":875,"column":20},"end":{"line":875,"column":22}},{"start":{"line":875,"column":26},"end":{"line":875,"column":28}}]},"114":{"line":885,"type":"if","locations":[{"start":{"line":885,"column":10},"end":{"line":885,"column":10}},{"start":{"line":885,"column":10},"end":{"line":885,"column":10}}]},"115":{"line":894,"type":"cond-expr","locations":[{"start":{"line":895,"column":6},"end":{"line":908,"column":7}},{"start":{"line":909,"column":6},"end":{"line":914,"column":7}}]},"116":{"line":894,"type":"binary-expr","locations":[{"start":{"line":894,"column":16},"end":{"line":894,"column":18}},{"start":{"line":894,"column":22},"end":{"line":894,"column":24}}]},"117":{"line":898,"type":"switch","locations":[{"start":{"line":899,"column":12},"end":{"line":901,"column":20}},{"start":{"line":902,"column":12},"end":{"line":904,"column":20}}]},"118":{"line":923,"type":"cond-expr","locations":[{"start":{"line":924,"column":8},"end":{"line":927,"column":9}},{"start":{"line":928,"column":8},"end":{"line":928,"column":25}}]},"119":{"line":933,"type":"binary-expr","locations":[{"start":{"line":933,"column":17},"end":{"line":933,"column":19}},{"start":{"line":933,"column":23},"end":{"line":933,"column":26}}]},"120":{"line":933,"type":"binary-expr","locations":[{"start":{"line":933,"column":37},"end":{"line":933,"column":39}},{"start":{"line":933,"column":43},"end":{"line":933,"column":46}}]},"121":{"line":937,"type":"cond-expr","locations":[{"start":{"line":938,"column":4},"end":{"line":943,"column":5}},{"start":{"line":944,"column":4},"end":{"line":944,"column":55}}]},"122":{"line":940,"type":"if","locations":[{"start":{"line":940,"column":8},"end":{"line":940,"column":8}},{"start":{"line":940,"column":8},"end":{"line":940,"column":8}}]},"123":{"line":946,"type":"cond-expr","locations":[{"start":{"line":947,"column":4},"end":{"line":952,"column":5}},{"start":{"line":953,"column":4},"end":{"line":953,"column":59}}]},"124":{"line":949,"type":"if","locations":[{"start":{"line":949,"column":8},"end":{"line":949,"column":8}},{"start":{"line":949,"column":8},"end":{"line":949,"column":8}}]},"125":{"line":972,"type":"cond-expr","locations":[{"start":{"line":973,"column":6},"end":{"line":983,"column":7}},{"start":{"line":984,"column":6},"end":{"line":986,"column":7}}]},"126":{"line":1010,"type":"switch","locations":[{"start":{"line":1011,"column":6},"end":{"line":1011,"column":24}},{"start":{"line":1012,"column":6},"end":{"line":1014,"column":14}},{"start":{"line":1015,"column":6},"end":{"line":1021,"column":14}},{"start":{"line":1022,"column":6},"end":{"line":1022,"column":26}},{"start":{"line":1023,"column":6},"end":{"line":1026,"column":14}}]},"127":{"line":1051,"type":"if","locations":[{"start":{"line":1051,"column":6},"end":{"line":1051,"column":6}},{"start":{"line":1051,"column":6},"end":{"line":1051,"column":6}}]},"128":{"line":1093,"type":"if","locations":[{"start":{"line":1093,"column":4},"end":{"line":1093,"column":4}},{"start":{"line":1093,"column":4},"end":{"line":1093,"column":4}}]},"129":{"line":1095,"type":"binary-expr","locations":[{"start":{"line":1095,"column":16},"end":{"line":1095,"column":39}},{"start":{"line":1096,"column":16},"end":{"line":1096,"column":51}}]},"130":{"line":1097,"type":"if","locations":[{"start":{"line":1097,"column":4},"end":{"line":1097,"column":4}},{"start":{"line":1097,"column":4},"end":{"line":1097,"column":4}}]},"131":{"line":1117,"type":"cond-expr","locations":[{"start":{"line":1118,"column":8},"end":{"line":1118,"column":54}},{"start":{"line":1119,"column":8},"end":{"line":1119,"column":16}}]},"132":{"line":1124,"type":"if","locations":[{"start":{"line":1124,"column":6},"end":{"line":1124,"column":6}},{"start":{"line":1124,"column":6},"end":{"line":1124,"column":6}}]},"133":{"line":1126,"type":"if","locations":[{"start":{"line":1126,"column":8},"end":{"line":1126,"column":8}},{"start":{"line":1126,"column":8},"end":{"line":1126,"column":8}}]},"134":{"line":1134,"type":"cond-expr","locations":[{"start":{"line":1135,"column":6},"end":{"line":1161,"column":7}},{"start":{"line":1162,"column":6},"end":{"line":1171,"column":7}}]},"135":{"line":1137,"type":"if","locations":[{"start":{"line":1137,"column":8},"end":{"line":1137,"column":8}},{"start":{"line":1137,"column":8},"end":{"line":1137,"column":8}}]},"136":{"line":1138,"type":"if","locations":[{"start":{"line":1138,"column":8},"end":{"line":1138,"column":8}},{"start":{"line":1138,"column":8},"end":{"line":1138,"column":8}}]},"137":{"line":1142,"type":"if","locations":[{"start":{"line":1142,"column":12},"end":{"line":1142,"column":12}},{"start":{"line":1142,"column":12},"end":{"line":1142,"column":12}}]},"138":{"line":1143,"type":"if","locations":[{"start":{"line":1143,"column":14},"end":{"line":1143,"column":14}},{"start":{"line":1143,"column":14},"end":{"line":1143,"column":14}}]},"139":{"line":1152,"type":"if","locations":[{"start":{"line":1152,"column":16},"end":{"line":1152,"column":16}},{"start":{"line":1152,"column":16},"end":{"line":1152,"column":16}}]},"140":{"line":1163,"type":"if","locations":[{"start":{"line":1163,"column":8},"end":{"line":1163,"column":8}},{"start":{"line":1163,"column":8},"end":{"line":1163,"column":8}}]},"141":{"line":1164,"type":"if","locations":[{"start":{"line":1164,"column":8},"end":{"line":1164,"column":8}},{"start":{"line":1164,"column":8},"end":{"line":1164,"column":8}}]},"142":{"line":1179,"type":"if","locations":[{"start":{"line":1179,"column":4},"end":{"line":1179,"column":4}},{"start":{"line":1179,"column":4},"end":{"line":1179,"column":4}}]},"143":{"line":1181,"type":"binary-expr","locations":[{"start":{"line":1181,"column":13},"end":{"line":1181,"column":29}},{"start":{"line":1181,"column":33},"end":{"line":1181,"column":39}}]},"144":{"line":1183,"type":"if","locations":[{"start":{"line":1183,"column":4},"end":{"line":1183,"column":4}},{"start":{"line":1183,"column":4},"end":{"line":1183,"column":4}}]},"145":{"line":1187,"type":"binary-expr","locations":[{"start":{"line":1187,"column":11},"end":{"line":1187,"column":19}},{"start":{"line":1187,"column":24},"end":{"line":1187,"column":52}}]}}}}