TN:
SF:/home/webreflection/code/hyperHTML/hyperhtml.js
FN:1,(anonymous_1)
FN:14,hyperHTML
FN:32,adopt
FN:33,(anonymous_4)
FN:54,wire
FN:75,attributesSeeker
FN:105,lukeTreeWalker
FN:166,setAnyContent
FN:167,any
FN:216,setAttribute
FN:225,specialAttr
FN:237,attr
FN:257,setVirtualContent
FN:262,any
FN:323,setTextContent
FN:325,text
FN:339,cleanAround
FN:352,find
FN:398,doc
FN:402,svg
FN:407,frag
FN:413,indexOfDiffereces
FN:433,injectHTML
FN:455,mapAttributes
FN:465,populateNode
FN:489,removeNodeList
FN:498,resetAndPopulate
FN:508,setupAndGetContent
FN:528,(anonymous_29)
FN:529,(anonymous_30)
FN:533,updateViaArray
FN:546,wireContent
FN:549,adopt
FN:554,(anonymous_34)
FN:579,update
FN:600,wireByID
FN:605,wireWeakly
FN:622,remap
FN:667,update
FN:682,upgrade
FN:722,(anonymous_41)
FN:731,(anonymous_42)
FN:734,appendNodes
FN:744,(anonymous_44)
FN:749,(anonymous_45)
FN:758,(anonymous_46)
FN:759,(anonymous_47)
FNF:47
FNH:45
FNDA:2,(anonymous_1)
FNDA:108,hyperHTML
FNDA:2,adopt
FNDA:4,(anonymous_4)
FNDA:30,wire
FNDA:48,attributesSeeker
FNDA:98,lukeTreeWalker
FNDA:12,setAnyContent
FNDA:56,any
FNDA:16,setAttribute
FNDA:18,specialAttr
FNDA:12,attr
FNDA:8,setVirtualContent
FNDA:22,any
FNDA:12,setTextContent
FNDA:22,text
FNDA:20,cleanAround
FNDA:14,find
FNDA:98,doc
FNDA:2,svg
FNDA:42,frag
FNDA:22,indexOfDiffereces
FNDA:44,injectHTML
FNDA:24,mapAttributes
FNDA:16,populateNode
FNDA:47,removeNodeList
FNDA:16,resetAndPopulate
FNDA:22,setupAndGetContent
FNDA:32,(anonymous_29)
FNDA:4,(anonymous_30)
FNDA:10,updateViaArray
FNDA:20,wireContent
FNDA:0,adopt
FNDA:0,(anonymous_34)
FNDA:36,update
FNDA:16,wireByID
FNDA:16,wireWeakly
FNDA:2,remap
FNDA:112,update
FNDA:50,upgrade
FNDA:2,(anonymous_41)
FNDA:36,(anonymous_42)
FNDA:22,appendNodes
FNDA:8,(anonymous_44)
FNDA:12,(anonymous_45)
FNDA:8,(anonymous_46)
FNDA:2,(anonymous_47)
DA:1,2
DA:14,1
DA:15,108
DA:32,2
DA:33,2
DA:34,4
DA:54,2
DA:55,30
DA:75,1
DA:76,48
DA:86,18
DA:87,18
DA:90,16
DA:91,16
DA:105,1
DA:106,98
DA:112,136
DA:113,136
DA:115,48
DA:116,48
DA:117,48
DA:119,30
DA:120,28
DA:121,12
DA:122,2
DA:124,10
DA:125,10
DA:127,16
DA:131,8
DA:134,8
DA:135,4
DA:137,4
DA:138,4
DA:139,4
DA:143,30
DA:147,58
DA:148,4
DA:150,58
DA:166,1
DA:167,12
DA:168,56
DA:169,56
DA:171,10
DA:172,10
DA:175,6
DA:176,6
DA:178,0
DA:179,0
DA:181,40
DA:182,24
DA:183,24
DA:184,6
DA:186,18
DA:187,18
DA:188,6
DA:189,12
DA:190,0
DA:191,0
DA:192,0
DA:194,0
DA:196,12
DA:197,12
DA:198,10
DA:203,16
DA:205,40
DA:216,1
DA:217,16
DA:223,16
DA:224,16
DA:226,18
DA:227,10
DA:228,10
DA:229,8
DA:233,2
DA:238,12
DA:239,8
DA:257,1
DA:258,8
DA:262,8
DA:263,22
DA:264,22
DA:268,8
DA:269,8
DA:270,8
DA:271,8
DA:272,8
DA:274,0
DA:275,0
DA:277,14
DA:278,8
DA:279,8
DA:280,2
DA:281,2
DA:283,6
DA:284,6
DA:285,2
DA:286,4
DA:287,0
DA:288,0
DA:289,0
DA:290,0
DA:291,0
DA:293,0
DA:295,4
DA:296,4
DA:297,2
DA:298,2
DA:299,2
DA:300,2
DA:301,2
DA:306,6
DA:307,6
DA:310,6
DA:312,14
DA:323,1
DA:324,12
DA:325,12
DA:326,22
DA:327,16
DA:339,1
DA:340,20
DA:341,20
DA:346,8
DA:347,8
DA:352,1
DA:353,14
DA:354,14
DA:356,4
DA:357,4
DA:360,6
DA:361,6
DA:362,6
DA:363,6
DA:364,6
DA:367,4
DA:368,4
DA:369,4
DA:371,14
DA:372,14
DA:373,16
DA:374,16
DA:376,14
DA:377,26
DA:379,4
DA:380,4
DA:381,4
DA:383,6
DA:384,6
DA:386,2
DA:387,2
DA:389,6
DA:391,16
DA:392,16
DA:395,14
DA:398,1
DA:399,98
DA:402,1
DA:403,2
DA:407,1
DA:408,42
DA:413,1
DA:414,22
DA:419,22
DA:420,20
DA:421,8
DA:423,14
DA:433,1
DA:434,44
DA:440,44
DA:441,44
DA:442,1
DA:444,44
DA:455,1
DA:456,24
DA:460,24
DA:465,1
DA:466,16
DA:468,6
DA:469,6
DA:470,4
DA:471,2
DA:472,2
DA:475,4
DA:476,4
DA:478,6
DA:479,4
DA:481,6
DA:483,2
DA:484,2
DA:489,1
DA:490,47
DA:491,47
DA:492,25
DA:493,25
DA:498,1
DA:499,16
DA:500,16
DA:508,1
DA:509,22
DA:517,30
DA:518,30
DA:522,22
DA:525,22
DA:526,22
DA:528,32
DA:529,4
DA:533,1
DA:534,10
DA:535,10
DA:536,2
DA:537,2
DA:538,2
DA:540,8
DA:541,8
DA:546,1
DA:547,20
DA:548,20
DA:550,0
DA:551,0
DA:552,0
DA:553,0
DA:554,0
DA:555,0
DA:556,0
DA:557,0
DA:558,0
DA:563,0
DA:565,0
DA:566,0
DA:569,0
DA:570,0
DA:571,0
DA:572,0
DA:574,0
DA:577,0
DA:580,36
DA:581,22
DA:582,22
DA:583,22
DA:584,22
DA:585,22
DA:587,36
DA:588,36
DA:589,22
DA:590,22
DA:591,2
DA:593,22
DA:595,36
DA:600,1
DA:601,16
DA:605,1
DA:606,16
DA:610,16
DA:622,1
DA:623,2
DA:624,2
DA:632,2
DA:633,2
DA:634,2
DA:635,14
DA:636,14
DA:637,14
DA:639,2
DA:640,2
DA:642,4
DA:643,4
DA:645,6
DA:646,2
DA:649,4
DA:650,4
DA:651,4
DA:653,6
DA:655,2
DA:656,2
DA:657,2
DA:658,2
DA:661,2
DA:662,2
DA:667,1
DA:668,112
DA:674,116
DA:676,112
DA:682,1
DA:683,50
DA:687,50
DA:688,25
DA:689,25
DA:690,25
DA:691,25
DA:692,14
DA:694,11
DA:696,50
DA:697,50
DA:698,50
DA:705,2
DA:723,2
DA:724,2
DA:732,36
DA:735,22
DA:740,34
DA:745,8
DA:746,8
DA:750,12
DA:758,8
DA:760,2
DA:781,2
DA:786,2
LF:307
LH:275
BRDA:15,1,0,60
BRDA:15,1,1,48
BRDA:15,2,0,108
BRDA:15,2,1,76
BRDA:34,3,0,2
BRDA:34,3,1,2
BRDA:34,4,0,4
BRDA:34,4,1,2
BRDA:55,5,0,10
BRDA:55,5,1,20
BRDA:57,6,0,4
BRDA:57,6,1,16
BRDA:58,7,0,4
BRDA:58,7,1,2
BRDA:59,8,0,16
BRDA:59,8,1,8
BRDA:87,9,0,16
BRDA:87,9,1,2
BRDA:90,10,0,8
BRDA:90,10,1,8
BRDA:91,11,0,4
BRDA:91,11,1,12
BRDA:113,12,0,48
BRDA:113,12,1,30
BRDA:113,12,2,58
BRDA:119,13,0,28
BRDA:119,13,1,2
BRDA:120,14,0,12
BRDA:120,14,1,16
BRDA:121,15,0,2
BRDA:121,15,1,10
BRDA:127,16,0,8
BRDA:127,16,1,8
BRDA:128,17,0,16
BRDA:128,17,1,14
BRDA:128,17,2,8
BRDA:128,17,3,6
BRDA:131,18,0,2
BRDA:131,18,1,6
BRDA:134,19,0,4
BRDA:134,19,1,4
BRDA:147,20,0,4
BRDA:147,20,1,54
BRDA:147,21,0,58
BRDA:147,21,1,4
BRDA:148,22,0,2
BRDA:148,22,1,2
BRDA:169,23,0,10
BRDA:169,23,1,4
BRDA:169,23,2,6
BRDA:169,23,3,0
BRDA:169,23,4,40
BRDA:181,24,0,24
BRDA:181,24,1,16
BRDA:183,25,0,6
BRDA:183,25,1,18
BRDA:186,26,0,16
BRDA:186,26,1,2
BRDA:187,27,0,6
BRDA:187,27,1,12
BRDA:189,28,0,0
BRDA:189,28,1,12
BRDA:197,29,0,10
BRDA:197,29,1,2
BRDA:220,30,0,16
BRDA:220,30,1,12
BRDA:223,31,0,10
BRDA:223,31,1,6
BRDA:224,32,0,10
BRDA:224,32,1,6
BRDA:226,33,0,10
BRDA:226,33,1,8
BRDA:228,34,0,8
BRDA:228,34,1,2
BRDA:229,35,0,2
BRDA:229,35,1,6
BRDA:238,36,0,8
BRDA:238,36,1,4
BRDA:264,37,0,8
BRDA:264,37,1,8
BRDA:264,37,2,8
BRDA:264,37,3,0
BRDA:264,37,4,14
BRDA:277,38,0,8
BRDA:277,38,1,6
BRDA:279,39,0,2
BRDA:279,39,1,6
BRDA:284,40,0,2
BRDA:284,40,1,4
BRDA:286,41,0,0
BRDA:286,41,1,4
BRDA:288,42,0,0
BRDA:288,42,1,0
BRDA:296,43,0,2
BRDA:296,43,1,2
BRDA:307,44,0,2
BRDA:307,44,1,4
BRDA:326,45,0,16
BRDA:326,45,1,6
BRDA:341,46,0,8
BRDA:341,46,1,12
BRDA:342,47,0,20
BRDA:342,47,1,14
BRDA:342,47,2,8
BRDA:354,48,0,4
BRDA:354,48,1,6
BRDA:354,48,2,2
BRDA:354,48,3,4
BRDA:377,49,0,4
BRDA:377,49,1,6
BRDA:377,49,2,16
BRDA:380,50,0,4
BRDA:380,50,1,2
BRDA:384,51,0,4
BRDA:384,51,1,2
BRDA:399,52,0,98
BRDA:399,52,1,22
BRDA:420,53,0,12
BRDA:420,53,1,8
BRDA:420,54,0,20
BRDA:420,54,1,16
BRDA:423,55,0,6
BRDA:423,55,1,8
BRDA:436,56,0,44
BRDA:436,56,1,29
BRDA:436,56,2,15
BRDA:440,57,0,1
BRDA:440,57,1,43
BRDA:441,58,0,1
BRDA:441,58,1,43
BRDA:446,59,0,44
BRDA:446,59,1,15
BRDA:466,60,0,6
BRDA:466,60,1,6
BRDA:466,60,2,2
BRDA:469,61,0,4
BRDA:469,61,1,2
BRDA:470,62,0,2
BRDA:470,62,1,2
BRDA:478,63,0,4
BRDA:478,63,1,2
BRDA:518,64,0,22
BRDA:518,64,1,8
BRDA:519,65,0,30
BRDA:519,65,1,16
BRDA:526,66,0,20
BRDA:526,66,1,2
BRDA:527,67,0,2
BRDA:527,67,1,18
BRDA:535,68,0,2
BRDA:535,68,1,8
BRDA:548,69,0,0
BRDA:548,69,1,20
BRDA:551,70,0,0
BRDA:551,70,1,0
BRDA:555,71,0,0
BRDA:555,71,1,0
BRDA:556,72,0,0
BRDA:556,72,1,0
BRDA:570,73,0,0
BRDA:570,73,1,0
BRDA:580,74,0,22
BRDA:580,74,1,14
BRDA:584,75,0,2
BRDA:584,75,1,20
BRDA:588,76,0,22
BRDA:588,76,1,14
BRDA:590,77,0,2
BRDA:590,77,1,20
BRDA:601,78,0,16
BRDA:601,78,1,6
BRDA:607,79,0,16
BRDA:607,79,1,4
BRDA:610,80,0,8
BRDA:610,80,1,8
BRDA:612,81,0,8
BRDA:612,81,1,8
BRDA:627,82,0,2
BRDA:627,82,1,0
BRDA:633,83,0,2
BRDA:633,83,1,0
BRDA:637,84,0,2
BRDA:637,84,1,4
BRDA:637,84,2,6
BRDA:637,84,3,2
BRDA:645,85,0,2
BRDA:645,85,1,4
BRDA:687,86,0,25
BRDA:687,86,1,25
BRDA:691,87,0,14
BRDA:691,87,1,11
BRDA:698,88,0,2
BRDA:698,88,1,48
BRDA:730,89,0,1
BRDA:730,89,1,1
BRDA:743,90,0,2
BRDA:743,90,1,1
BRDA:744,91,0,2
BRDA:744,91,1,1
BRDA:749,92,0,2
BRDA:749,92,1,1
BRDA:756,93,0,1
BRDA:756,93,1,1
BRF:203
BRH:186
end_of_record
