TN:
SF:/home/webreflection/code/hyperHTML/hyperhtml.js
FN:1,(anonymous_1)
FN:14,hyperHTML
FN:32,adopt
FN:33,(anonymous_4)
FN:54,wire
FN:75,attributesSeeker
FN:105,lukeTreeWalker
FN:166,setAnyContent
FN:167,any
FN:217,setAttribute
FN:226,specialAttr
FN:238,attr
FN:258,setVirtualContent
FN:263,any
FN:330,setTextContent
FN:332,text
FN:346,cleanAround
FN:359,doc
FN:364,find
FN:423,frag
FN:429,indexOfDiffereces
FN:449,injectHTML
FN:471,mapAttributes
FN:481,populateNode
FN:505,removeNodeList
FN:514,resetAndPopulate
FN:524,setupAndGetContent
FN:544,(anonymous_28)
FN:545,(anonymous_29)
FN:549,updateViaArray
FN:562,wireContent
FN:565,before
FN:573,after
FN:585,adopt
FN:590,(anonymous_35)
FN:611,update
FN:623,wireByID
FN:628,wireWeakly
FN:645,remap
FN:696,update
FN:711,upgrade
FN:754,(anonymous_42)
FN:765,(anonymous_43)
FN:768,appendNodes
FN:778,(anonymous_45)
FN:783,(anonymous_46)
FN:792,(anonymous_47)
FN:793,(anonymous_48)
FNF:48
FNH:48
FNDA:2,(anonymous_1)
FNDA:124,hyperHTML
FNDA:28,adopt
FNDA:40,(anonymous_4)
FNDA:64,wire
FNDA:86,attributesSeeker
FNDA:170,lukeTreeWalker
FNDA:18,setAnyContent
FNDA:72,any
FNDA:22,setAttribute
FNDA:18,specialAttr
FNDA:20,attr
FNDA:16,setVirtualContent
FNDA:46,any
FNDA:22,setTextContent
FNDA:40,text
FNDA:52,cleanAround
FNDA:191,doc
FNDA:38,find
FNDA:90,frag
FNDA:36,indexOfDiffereces
FNDA:82,injectHTML
FNDA:43,mapAttributes
FNDA:18,populateNode
FNDA:84,removeNodeList
FNDA:18,resetAndPopulate
FNDA:50,setupAndGetContent
FNDA:66,(anonymous_28)
FNDA:4,(anonymous_29)
FNDA:16,updateViaArray
FNDA:48,wireContent
FNDA:36,before
FNDA:70,after
FNDA:34,adopt
FNDA:34,(anonymous_35)
FNDA:36,update
FNDA:50,wireByID
FNDA:50,wireWeakly
FNDA:28,remap
FNDA:164,update
FNDA:84,upgrade
FNDA:2,(anonymous_42)
FNDA:60,(anonymous_43)
FNDA:45,appendNodes
FNDA:11,(anonymous_45)
FNDA:20,(anonymous_46)
FNDA:25,(anonymous_47)
FNDA:16,(anonymous_48)
DA:1,2
DA:14,1
DA:15,124
DA:32,2
DA:33,28
DA:34,40
DA:54,2
DA:55,64
DA:75,1
DA:76,86
DA:86,24
DA:87,24
DA:90,22
DA:91,22
DA:105,1
DA:106,170
DA:112,230
DA:113,230
DA:115,86
DA:116,86
DA:117,86
DA:119,52
DA:120,50
DA:121,18
DA:122,8
DA:124,10
DA:125,10
DA:127,32
DA:131,16
DA:134,16
DA:135,8
DA:137,8
DA:138,8
DA:139,8
DA:143,52
DA:147,92
DA:148,4
DA:150,92
DA:166,1
DA:167,18
DA:168,72
DA:169,72
DA:171,10
DA:172,10
DA:175,6
DA:176,6
DA:178,2
DA:179,2
DA:181,54
DA:182,36
DA:183,36
DA:184,6
DA:186,30
DA:187,30
DA:188,6
DA:189,24
DA:190,6
DA:191,6
DA:192,18
DA:194,6
DA:195,6
DA:197,18
DA:198,18
DA:199,16
DA:204,18
DA:206,54
DA:217,1
DA:218,22
DA:224,22
DA:225,22
DA:227,18
DA:228,10
DA:229,10
DA:230,8
DA:234,2
DA:239,20
DA:240,14
DA:258,1
DA:259,16
DA:263,16
DA:264,46
DA:265,46
DA:269,12
DA:270,12
DA:271,12
DA:272,12
DA:273,12
DA:275,2
DA:276,2
DA:278,32
DA:279,24
DA:280,24
DA:281,2
DA:282,2
DA:284,22
DA:285,22
DA:286,2
DA:287,20
DA:288,8
DA:289,4
DA:290,4
DA:291,4
DA:292,2
DA:293,4
DA:295,4
DA:297,8
DA:298,12
DA:300,8
DA:302,12
DA:303,12
DA:304,4
DA:305,4
DA:306,4
DA:307,4
DA:308,4
DA:313,8
DA:314,8
DA:317,8
DA:319,32
DA:330,1
DA:331,22
DA:332,22
DA:333,40
DA:334,26
DA:346,1
DA:347,52
DA:348,52
DA:353,16
DA:354,16
DA:359,1
DA:360,191
DA:364,1
DA:365,38
DA:366,38
DA:368,10
DA:369,10
DA:371,20
DA:372,20
DA:374,18
DA:375,18
DA:377,20
DA:381,20
DA:384,8
DA:385,8
DA:386,8
DA:388,38
DA:393,36
DA:395,38
DA:396,64
DA:398,8
DA:399,8
DA:400,8
DA:402,20
DA:403,20
DA:404,14
DA:405,2
DA:406,2
DA:408,12
DA:411,6
DA:413,20
DA:415,36
DA:416,36
DA:419,38
DA:423,1
DA:424,90
DA:429,1
DA:430,36
DA:435,36
DA:436,40
DA:437,8
DA:439,28
DA:449,1
DA:450,82
DA:456,82
DA:457,82
DA:458,1
DA:460,82
DA:471,1
DA:472,43
DA:476,43
DA:481,1
DA:482,18
DA:484,8
DA:485,8
DA:486,4
DA:487,2
DA:488,2
DA:491,6
DA:492,6
DA:494,6
DA:495,4
DA:497,6
DA:499,2
DA:500,2
DA:505,1
DA:506,84
DA:507,84
DA:508,27
DA:509,27
DA:514,1
DA:515,18
DA:516,18
DA:524,1
DA:525,50
DA:533,66
DA:534,66
DA:538,50
DA:541,50
DA:542,50
DA:544,66
DA:545,4
DA:549,1
DA:550,16
DA:551,16
DA:552,8
DA:553,8
DA:554,8
DA:556,8
DA:557,8
DA:562,1
DA:563,48
DA:565,1
DA:566,36
DA:567,36
DA:570,36
DA:573,1
DA:574,70
DA:575,50
DA:576,50
DA:577,3
DA:579,50
DA:581,70
DA:584,48
DA:586,34
DA:587,34
DA:588,28
DA:589,28
DA:590,28
DA:591,34
DA:592,28
DA:593,14
DA:594,14
DA:599,14
DA:601,14
DA:602,14
DA:605,34
DA:606,34
DA:609,34
DA:612,36
DA:613,22
DA:614,22
DA:615,22
DA:617,36
DA:618,36
DA:623,1
DA:624,50
DA:628,1
DA:629,50
DA:633,50
DA:645,1
DA:646,28
DA:647,28
DA:656,28
DA:657,28
DA:658,28
DA:659,38
DA:660,38
DA:661,38
DA:663,8
DA:664,8
DA:666,8
DA:667,8
DA:669,12
DA:670,2
DA:677,10
DA:679,12
DA:686,10
DA:687,10
DA:690,28
DA:691,28
DA:696,1
DA:697,164
DA:703,164
DA:705,164
DA:711,1
DA:712,84
DA:716,84
DA:717,42
DA:718,42
DA:719,42
DA:720,42
DA:721,14
DA:723,28
DA:725,84
DA:726,84
DA:727,84
DA:734,2
DA:755,2
DA:756,2
DA:766,60
DA:769,45
DA:774,69
DA:779,11
DA:780,11
DA:784,20
DA:792,25
DA:794,16
DA:815,2
DA:820,2
LF:309
LH:309
BRDA:15,1,0,62
BRDA:15,1,1,62
BRDA:15,2,0,124
BRDA:15,2,1,78
BRDA:34,3,0,12
BRDA:34,3,1,28
BRDA:34,4,0,40
BRDA:34,4,1,20
BRDA:55,5,0,10
BRDA:55,5,1,54
BRDA:57,6,0,4
BRDA:57,6,1,50
BRDA:58,7,0,4
BRDA:58,7,1,2
BRDA:59,8,0,50
BRDA:59,8,1,8
BRDA:87,9,0,22
BRDA:87,9,1,2
BRDA:90,10,0,11
BRDA:90,10,1,11
BRDA:91,11,0,8
BRDA:91,11,1,14
BRDA:113,12,0,86
BRDA:113,12,1,52
BRDA:113,12,2,92
BRDA:119,13,0,50
BRDA:119,13,1,2
BRDA:120,14,0,18
BRDA:120,14,1,32
BRDA:121,15,0,8
BRDA:121,15,1,10
BRDA:127,16,0,16
BRDA:127,16,1,16
BRDA:128,17,0,32
BRDA:128,17,1,28
BRDA:128,17,2,16
BRDA:128,17,3,10
BRDA:131,18,0,10
BRDA:131,18,1,6
BRDA:134,19,0,8
BRDA:134,19,1,8
BRDA:147,20,0,4
BRDA:147,20,1,88
BRDA:147,21,0,92
BRDA:147,21,1,4
BRDA:148,22,0,2
BRDA:148,22,1,2
BRDA:169,23,0,10
BRDA:169,23,1,4
BRDA:169,23,2,6
BRDA:169,23,3,2
BRDA:169,23,4,54
BRDA:181,24,0,36
BRDA:181,24,1,18
BRDA:183,25,0,6
BRDA:183,25,1,30
BRDA:186,26,0,28
BRDA:186,26,1,2
BRDA:187,27,0,6
BRDA:187,27,1,24
BRDA:189,28,0,6
BRDA:189,28,1,18
BRDA:198,29,0,16
BRDA:198,29,1,2
BRDA:221,30,0,22
BRDA:221,30,1,12
BRDA:224,31,0,10
BRDA:224,31,1,12
BRDA:225,32,0,10
BRDA:225,32,1,12
BRDA:227,33,0,10
BRDA:227,33,1,8
BRDA:229,34,0,8
BRDA:229,34,1,2
BRDA:230,35,0,2
BRDA:230,35,1,6
BRDA:239,36,0,14
BRDA:239,36,1,6
BRDA:265,37,0,12
BRDA:265,37,1,12
BRDA:265,37,2,12
BRDA:265,37,3,2
BRDA:265,37,4,32
BRDA:278,38,0,24
BRDA:278,38,1,8
BRDA:280,39,0,2
BRDA:280,39,1,22
BRDA:285,40,0,2
BRDA:285,40,1,20
BRDA:287,41,0,8
BRDA:287,41,1,12
BRDA:288,42,0,4
BRDA:288,42,1,4
BRDA:291,43,0,2
BRDA:291,43,1,2
BRDA:303,44,0,4
BRDA:303,44,1,8
BRDA:314,45,0,2
BRDA:314,45,1,6
BRDA:333,46,0,26
BRDA:333,46,1,14
BRDA:348,47,0,16
BRDA:348,47,1,36
BRDA:349,48,0,52
BRDA:349,48,1,30
BRDA:349,48,2,16
BRDA:360,49,0,191
BRDA:360,49,1,22
BRDA:366,50,0,10
BRDA:366,50,1,20
BRDA:366,50,2,4
BRDA:366,50,3,8
BRDA:372,51,0,18
BRDA:372,51,1,2
BRDA:396,52,0,8
BRDA:396,52,1,20
BRDA:396,52,2,36
BRDA:399,53,0,8
BRDA:399,53,1,2
BRDA:403,54,0,14
BRDA:403,54,1,6
BRDA:404,55,0,2
BRDA:404,55,1,12
BRDA:436,56,0,32
BRDA:436,56,1,8
BRDA:436,57,0,40
BRDA:436,57,1,36
BRDA:439,58,0,12
BRDA:439,58,1,16
BRDA:452,59,0,82
BRDA:452,59,1,48
BRDA:452,59,2,24
BRDA:456,60,0,1
BRDA:456,60,1,81
BRDA:457,61,0,1
BRDA:457,61,1,81
BRDA:462,62,0,82
BRDA:462,62,1,24
BRDA:482,63,0,8
BRDA:482,63,1,6
BRDA:482,63,2,2
BRDA:485,64,0,4
BRDA:485,64,1,4
BRDA:486,65,0,2
BRDA:486,65,1,2
BRDA:494,66,0,4
BRDA:494,66,1,2
BRDA:534,67,0,50
BRDA:534,67,1,16
BRDA:535,68,0,66
BRDA:535,68,1,24
BRDA:542,69,0,48
BRDA:542,69,1,2
BRDA:543,70,0,2
BRDA:543,70,1,46
BRDA:551,71,0,8
BRDA:551,71,1,8
BRDA:567,72,0,3
BRDA:567,72,1,33
BRDA:574,73,0,50
BRDA:574,73,1,20
BRDA:576,74,0,3
BRDA:576,74,1,47
BRDA:584,75,0,28
BRDA:584,75,1,20
BRDA:587,76,0,28
BRDA:587,76,1,6
BRDA:591,77,0,28
BRDA:591,77,1,6
BRDA:592,78,0,14
BRDA:592,78,1,14
BRDA:601,79,0,1
BRDA:601,79,1,13
BRDA:612,80,0,22
BRDA:612,80,1,14
BRDA:624,81,0,50
BRDA:624,81,1,34
BRDA:630,82,0,50
BRDA:630,82,1,32
BRDA:633,83,0,42
BRDA:633,83,1,8
BRDA:635,84,0,8
BRDA:635,84,1,8
BRDA:651,85,0,22
BRDA:651,85,1,6
BRDA:657,86,0,22
BRDA:657,86,1,6
BRDA:661,87,0,8
BRDA:661,87,1,8
BRDA:661,87,2,12
BRDA:661,87,3,10
BRDA:669,88,0,2
BRDA:669,88,1,10
BRDA:716,89,0,42
BRDA:716,89,1,42
BRDA:720,90,0,14
BRDA:720,90,1,28
BRDA:727,91,0,22
BRDA:727,91,1,62
BRDA:764,92,0,1
BRDA:764,92,1,1
BRDA:777,93,0,2
BRDA:777,93,1,1
BRDA:778,94,0,2
BRDA:778,94,1,1
BRDA:783,95,0,2
BRDA:783,95,1,1
BRDA:790,96,0,1
BRDA:790,96,1,1
BRF:209
BRH:209
end_of_record
